Copyright 1986-2020 Xilinx, Inc. All Rights Reserved.
------------------------------------------------------------------------------------
| Tool Version : Vivado v.2020.2 (win64) Build 3064766 Wed Nov 18 09:12:45 MST 2020
| Date         : Sat Mar 11 19:03:34 2023
| Host         : KAJ-MAIN running 64-bit major release  (build 9200)
| Command      : upgrade_ip
| Device       : xc7z020clg484-1
------------------------------------------------------------------------------------

Upgrade Log for IP 'design_1_custom_hps_1_0'

1. Summary
----------

SUCCESS in the upgrade of design_1_custom_hps_1_0 from sfu.ca:user:custom_hps:3.0 (Rev. 1) to sfu.ca:user:custom_hps:3.1 (Rev. 1)






Copyright 1986-2020 Xilinx, Inc. All Rights Reserved.
------------------------------------------------------------------------------------
| Tool Version : Vivado v.2020.2 (win64) Build 3064766 Wed Nov 18 09:12:45 MST 2020
| Date         : Sat Mar 11 18:39:17 2023
| Host         : KAJ-MAIN running 64-bit major release  (build 9200)
| Command      : upgrade_ip
| Device       : xc7z020clg484-1
------------------------------------------------------------------------------------

Upgrade Log for IP 'design_1_custom_hps_1_0'

1. Summary
----------

SUCCESS in the upgrade of design_1_custom_hps_1_0 from sfu.ca:user:custom_hps:2.2 (Rev. 1) to sfu.ca:user:custom_hps:3.0 (Rev. 1)






Copyright 1986-2020 Xilinx, Inc. All Rights Reserved.
------------------------------------------------------------------------------------
| Tool Version : Vivado v.2020.2 (win64) Build 3064766 Wed Nov 18 09:12:45 MST 2020
| Date         : Sat Mar 11 17:13:38 2023
| Host         : KAJ-MAIN running 64-bit major release  (build 9200)
| Command      : upgrade_ip
| Device       : xc7z020clg484-1
------------------------------------------------------------------------------------

Upgrade Log for IP 'design_1_custom_hps_1_0'

1. Summary
----------

SUCCESS in the upgrade of design_1_custom_hps_1_0 from sfu.ca:user:custom_hps:2.1 (Rev. 1) to sfu.ca:user:custom_hps:2.2 (Rev. 1)






Copyright 1986-2020 Xilinx, Inc. All Rights Reserved.
------------------------------------------------------------------------------------
| Tool Version : Vivado v.2020.2 (win64) Build 3064766 Wed Nov 18 09:12:45 MST 2020
| Date         : Sat Mar 11 17:08:59 2023
| Host         : KAJ-MAIN running 64-bit major release  (build 9200)
| Command      : upgrade_ip
| Device       : xc7z020clg484-1
------------------------------------------------------------------------------------

Upgrade Log for IP 'design_1_custom_hps_1_0'

1. Summary
----------

SUCCESS in the upgrade of design_1_custom_hps_1_0 from sfu.ca:user:custom_hps:2.0 (Rev. 1) to sfu.ca:user:custom_hps:2.1 (Rev. 1)

