#-----------------------------------------------------------
# Vivado v2020.2 (64-bit)
# SW Build 3064766 on Wed Nov 18 09:12:45 MST 2020
# IP Build 3064653 on Wed Nov 18 14:17:31 MST 2020
# Start of session at: Fri Mar 10 16:19:58 2023
# Process ID: 8016
# Current directory: C:/Users/kgrantma/Downloads/test/guitar-tuner-main/Vivado/audio_fft
# Command line: vivado.exe -gui_launcher_event rodinguilauncherevent23476 C:\Users\kgrantma\Downloads\test\guitar-tuner-main\Vivado\audio_fft\audio_fft.xpr
# Log file: C:/Users/kgrantma/Downloads/test/guitar-tuner-main/Vivado/audio_fft/vivado.log
# Journal file: C:/Users/kgrantma/Downloads/test/guitar-tuner-main/Vivado/audio_fft\vivado.jou
#-----------------------------------------------------------
start_gui
open_project C:/Users/kgrantma/Downloads/test/guitar-tuner-main/Vivado/audio_fft/audio_fft.xpr
INFO: [Project 1-313] Project file moved from 'C:/KDevelop/guitar-tuner/Vivado/audio_fft' since last save.
Scanning sources...
Finished scanning sources
INFO: [IP_Flow 19-234] Refreshing IP repositories
INFO: [IP_Flow 19-1700] Loaded user IP repository 'c:/Users/kgrantma/Downloads/test/guitar-tuner-main/Vivado/ip_repo'.
INFO: [IP_Flow 19-2313] Loaded Vivado IP repository 'C:/Xilinx/Vivado/2020.2/data/ip'.
open_project: Time (s): cpu = 00:00:13 ; elapsed = 00:00:06 . Memory (MB): peak = 1143.305 ; gain = 0.000
update_compile_order -fileset sources_1
update_ip_catalog -rebuild
INFO: [IP_Flow 19-234] Refreshing IP repositories
INFO: [IP_Flow 19-1700] Loaded user IP repository 'c:/Users/kgrantma/Downloads/test/guitar-tuner-main/Vivado/ip_repo'.
open_bd_design {C:/Users/kgrantma/Downloads/test/guitar-tuner-main/Vivado/audio_fft/audio_fft.srcs/sources_1/bd/design_1/design_1.bd}
Reading block design file <C:/Users/kgrantma/Downloads/test/guitar-tuner-main/Vivado/audio_fft/audio_fft.srcs/sources_1/bd/design_1/design_1.bd>...
Adding component instance block -- xilinx.com:ip:xfft:9.1 - xfft_0
Adding component instance block -- xilinx.com:user:edge_detect:1.0 - edge_detect_0
Adding component instance block -- xilinx.com:ip:axi_dma:7.1 - axi_dma_0
Adding component instance block -- xilinx.com:ip:axi_gpio:2.0 - axi_gpio_0
Adding component instance block -- xilinx.com:ip:axi_interconnect:2.1 - axi_interconnect_0
Adding component instance block -- xilinx.com:ip:axi_crossbar:2.1 - xbar
Adding component instance block -- xilinx.com:ip:axi_protocol_converter:2.1 - auto_pc
Adding component instance block -- xilinx.com:ip:axi_interconnect:2.1 - axi_interconnect_1
Adding component instance block -- xilinx.com:ip:axi_crossbar:2.1 - xbar
Adding component instance block -- xilinx.com:ip:axi_protocol_converter:2.1 - auto_pc
Adding component instance block -- xilinx.com:ip:proc_sys_reset:5.0 - proc_sys_reset_0
Adding component instance block -- xilinx.com:ip:xlconcat:2.1 - xlconcat_0
Adding component instance block -- xilinx.com:ip:processing_system7:5.5 - processing_system7_0
Successfully read diagram <design_1> from block design file <C:/Users/kgrantma/Downloads/test/guitar-tuner-main/Vivado/audio_fft/audio_fft.srcs/sources_1/bd/design_1/design_1.bd>
open_bd_design: Time (s): cpu = 00:00:08 ; elapsed = 00:00:07 . Memory (MB): peak = 1414.699 ; gain = 113.906
startgroup
create_bd_cell -type ip -vlnv xilinx.com:ip:axi_interconnect:2.1 axi_interconnect_0
endgroup
set_property location {2.5 777 521} [get_bd_cells axi_interconnect_0]
startgroup
create_bd_cell -type ip -vlnv sfu.ca:user:custom_hps:1.0 custom_hps_0
endgroup
startgroup
create_bd_cell -type ip -vlnv xilinx.com:ip:proc_sys_reset:5.0 proc_sys_reset_0
INFO: [Ipptcl 7-1463] No Compatible Board Interface found. Board Tab not created in customize GUI
endgroup
set_property location {2 679 547} [get_bd_cells proc_sys_reset_0]
connect_bd_net [get_bd_pins proc_sys_reset_0/slowest_sync_clk] [get_bd_pins processing_system7_0/FCLK_CLK0]
connect_bd_net [get_bd_pins proc_sys_reset_0/ext_reset_in] [get_bd_pins processing_system7_0/FCLK_RESET0_N]
CRITICAL WARNING: [PSU-1]  Parameter : PCW_UIPARAM_DDR_DQS_TO_CLK_DELAY_2 has negative value -0.009 . PS DDR interfaces might fail when entering negative DQS skew values. 
CRITICAL WARNING: [PSU-2]  Parameter : PCW_UIPARAM_DDR_DQS_TO_CLK_DELAY_3 has negative value -0.061 . PS DDR interfaces might fail when entering negative DQS skew values. 
CRITICAL WARNING: [PSU-1]  Parameter : PCW_UIPARAM_DDR_DQS_TO_CLK_DELAY_2 has negative value -0.009 . PS DDR interfaces might fail when entering negative DQS skew values. 
CRITICAL WARNING: [PSU-2]  Parameter : PCW_UIPARAM_DDR_DQS_TO_CLK_DELAY_3 has negative value -0.061 . PS DDR interfaces might fail when entering negative DQS skew values. 
WARNING: [IP_Flow 19-474] Invalid Parameter 'Component_Name'
CRITICAL WARNING: [PSU-1]  Parameter : PCW_UIPARAM_DDR_DQS_TO_CLK_DELAY_2 has negative value -0.009 . PS DDR interfaces might fail when entering negative DQS skew values. 
CRITICAL WARNING: [PSU-2]  Parameter : PCW_UIPARAM_DDR_DQS_TO_CLK_DELAY_3 has negative value -0.061 . PS DDR interfaces might fail when entering negative DQS skew values. 
startgroup
set_property -dict [list CONFIG.PCW_USE_M_AXI_GP1 {1}] [get_bd_cells processing_system7_0]
CRITICAL WARNING: [PSU-1]  Parameter : PCW_UIPARAM_DDR_DQS_TO_CLK_DELAY_2 has negative value -0.009 . PS DDR interfaces might fail when entering negative DQS skew values. 
CRITICAL WARNING: [PSU-2]  Parameter : PCW_UIPARAM_DDR_DQS_TO_CLK_DELAY_3 has negative value -0.061 . PS DDR interfaces might fail when entering negative DQS skew values. 
ERROR: [BD 41-1274] Set bus interface parameter, Value '1' is out of the range for parameter 'Data Width(DATA_WIDTH)' for BD Interface 'M_AXI_GP1' . Valid values are - 32, 64

ERROR: [Common 17-39] 'set_property' failed due to earlier errors.
ERROR: [BD 41-1273] Error running post_config_ip TCL procedure: ERROR: [Common 17-39] 'set_property' failed due to earlier errors.
    ::xilinx.com_ip_processing_system7_5.5::post_config_ip Line 18
INFO: [Common 17-17] undo 'set_property -dict [list CONFIG.PCW_USE_M_AXI_GP1 {1}] [get_bd_cells processing_system7_0]'
ERROR: [Common 17-39] 'set_property' failed due to earlier errors.
endgroup
connect_bd_intf_net [get_bd_intf_pins processing_system7_0/M_AXI_GP1] -boundary_type upper [get_bd_intf_pins axi_interconnect_0/S00_AXI]
startgroup
set_property -dict [list CONFIG.NUM_MI {1}] [get_bd_cells axi_interconnect_0]
endgroup
connect_bd_intf_net -boundary_type upper [get_bd_intf_pins axi_interconnect_0/M00_AXI] [get_bd_intf_pins custom_hps_0/S00_AXI]
connect_bd_net [get_bd_pins axi_interconnect_0/ACLK] [get_bd_pins processing_system7_0/FCLK_CLK0]
connect_bd_net [get_bd_pins axi_interconnect_0/S00_ACLK] [get_bd_pins processing_system7_0/FCLK_CLK0]
connect_bd_net [get_bd_pins axi_interconnect_0/M00_ACLK] [get_bd_pins processing_system7_0/FCLK_CLK0]
connect_bd_net [get_bd_pins proc_sys_reset_0/interconnect_aresetn] [get_bd_pins axi_interconnect_0/ARESETN]
connect_bd_net [get_bd_pins proc_sys_reset_0/peripheral_aresetn] [get_bd_pins axi_interconnect_0/M00_ARESETN]
connect_bd_net [get_bd_pins axi_interconnect_0/S00_ARESETN] [get_bd_pins proc_sys_reset_0/peripheral_aresetn]
connect_bd_net [get_bd_pins custom_hps_0/s00_axi_aresetn] [get_bd_pins proc_sys_reset_0/peripheral_aresetn]
connect_bd_net [get_bd_pins custom_hps_0/s00_axi_aclk] [get_bd_pins processing_system7_0/FCLK_CLK0]
CRITICAL WARNING: [PSU-1]  Parameter : PCW_UIPARAM_DDR_DQS_TO_CLK_DELAY_2 has negative value -0.009 . PS DDR interfaces might fail when entering negative DQS skew values. 
CRITICAL WARNING: [PSU-2]  Parameter : PCW_UIPARAM_DDR_DQS_TO_CLK_DELAY_3 has negative value -0.061 . PS DDR interfaces might fail when entering negative DQS skew values. 
WARNING: [IP_Flow 19-474] Invalid Parameter 'Component_Name'
CRITICAL WARNING: [PSU-1]  Parameter : PCW_UIPARAM_DDR_DQS_TO_CLK_DELAY_2 has negative value -0.009 . PS DDR interfaces might fail when entering negative DQS skew values. 
CRITICAL WARNING: [PSU-2]  Parameter : PCW_UIPARAM_DDR_DQS_TO_CLK_DELAY_3 has negative value -0.061 . PS DDR interfaces might fail when entering negative DQS skew values. 
CRITICAL WARNING: [PSU-1]  Parameter : PCW_UIPARAM_DDR_DQS_TO_CLK_DELAY_2 has negative value -0.009 . PS DDR interfaces might fail when entering negative DQS skew values. 
CRITICAL WARNING: [PSU-2]  Parameter : PCW_UIPARAM_DDR_DQS_TO_CLK_DELAY_3 has negative value -0.061 . PS DDR interfaces might fail when entering negative DQS skew values. 
connect_bd_net [get_bd_pins processing_system7_0/M_AXI_GP1_ACLK] [get_bd_pins processing_system7_0/FCLK_CLK0]
save_bd_design
Wrote  : <C:\Users\kgrantma\Downloads\test\guitar-tuner-main\Vivado\audio_fft\audio_fft.srcs\sources_1\bd\design_1\design_1.bd> 
Wrote  : <C:/Users/kgrantma/Downloads/test/guitar-tuner-main/Vivado/audio_fft/audio_fft.srcs/sources_1/bd/design_1/ui/bd_1f5defd0.ui> 
regenerate_bd_layout
reset_run synth_1
launch_runs impl_1 -to_step write_bitstream -jobs 8
CRITICAL WARNING: [BD 41-1356] Slave segment </custom_hps_0/S00_AXI/S00_AXI_reg> is not assigned into address space </processing_system7_0/Data>. Please use Address Editor to either assign or exclude it.
WARNING: [BD 41-702] Propagation TCL tries to overwrite USER strength parameter C_M_AXI_S2MM_DATA_WIDTH(64) on '/ctrl/axi_dma_0' with propagated value(32). Command ignored
WARNING: [BD 41-702] Propagation TCL tries to overwrite USER strength parameter C_M_AXI_S2MM_DATA_WIDTH(64) on '/ctrl/axi_dma_0' with propagated value(32). Command ignored
WARNING: [BD 41-702] Propagation TCL tries to overwrite USER strength parameter C_M_AXI_S2MM_DATA_WIDTH(64) on '/ctrl/axi_dma_0' with propagated value(32). Command ignored
WARNING: [BD 41-702] Propagation TCL tries to overwrite USER strength parameter C_M_AXI_S2MM_DATA_WIDTH(64) on '/ctrl/axi_dma_0' with propagated value(32). Command ignored
WARNING: [BD 41-702] Propagation TCL tries to overwrite USER strength parameter C_M_AXI_S2MM_DATA_WIDTH(64) on '/ctrl/axi_dma_0' with propagated value(32). Command ignored
WARNING: [BD 41-702] Propagation TCL tries to overwrite USER strength parameter C_M_AXI_S2MM_DATA_WIDTH(64) on '/ctrl/axi_dma_0' with propagated value(32). Command ignored
WARNING: [BD 41-702] Propagation TCL tries to overwrite USER strength parameter C_M_AXI_S2MM_DATA_WIDTH(64) on '/ctrl/axi_dma_0' with propagated value(32). Command ignored
CRITICAL WARNING: [PSU-1]  Parameter : PCW_UIPARAM_DDR_DQS_TO_CLK_DELAY_2 has negative value -0.009 . PS DDR interfaces might fail when entering negative DQS skew values. 
CRITICAL WARNING: [PSU-2]  Parameter : PCW_UIPARAM_DDR_DQS_TO_CLK_DELAY_3 has negative value -0.061 . PS DDR interfaces might fail when entering negative DQS skew values. 
CRITICAL WARNING: [PSU-1]  Parameter : PCW_UIPARAM_DDR_DQS_TO_CLK_DELAY_2 has negative value -0.009 . PS DDR interfaces might fail when entering negative DQS skew values. 
CRITICAL WARNING: [PSU-2]  Parameter : PCW_UIPARAM_DDR_DQS_TO_CLK_DELAY_3 has negative value -0.061 . PS DDR interfaces might fail when entering negative DQS skew values. 
CRITICAL WARNING: [PSU-1]  Parameter : PCW_UIPARAM_DDR_DQS_TO_CLK_DELAY_2 has negative value -0.009 . PS DDR interfaces might fail when entering negative DQS skew values. 
CRITICAL WARNING: [PSU-2]  Parameter : PCW_UIPARAM_DDR_DQS_TO_CLK_DELAY_3 has negative value -0.061 . PS DDR interfaces might fail when entering negative DQS skew values. 
CRITICAL WARNING: [BD 41-1356] Slave segment </custom_hps_0/S00_AXI/S00_AXI_reg> is not assigned into address space </processing_system7_0/Data>. Please use Address Editor to either assign or exclude it.
Wrote  : <C:\Users\kgrantma\Downloads\test\guitar-tuner-main\Vivado\audio_fft\audio_fft.srcs\sources_1\bd\design_1\design_1.bd> 
Wrote  : <C:/Users/kgrantma/Downloads/test/guitar-tuner-main/Vivado/audio_fft/audio_fft.srcs/sources_1/bd/design_1/ui/bd_1f5defd0.ui> 
WARNING: [BD 41-2384] Width mismatch when connecting pin: '/ctrl/axi_interconnect_0/m00_couplers/auto_pc/m_axi_rid'(1) to pin: '/ctrl/axi_interconnect_0/m00_couplers/M_AXI_rid'(6) - Only lower order bits will be connected.
WARNING: [BD 41-2384] Width mismatch when connecting pin: '/ctrl/axi_interconnect_0/m00_couplers/auto_pc/m_axi_bid'(1) to pin: '/ctrl/axi_interconnect_0/m00_couplers/M_AXI_bid'(6) - Only lower order bits will be connected.
WARNING: [BD 41-2384] Width mismatch when connecting pin: '/processing_system7_0/S_AXI_HP0_AWID'(6) to pin: '/ctrl/M_AXI_DMA_DATA_awid'(1) - Only lower order bits will be connected.
WARNING: [BD 41-2384] Width mismatch when connecting pin: '/processing_system7_0/S_AXI_HP0_ARID'(6) to pin: '/ctrl/M_AXI_DMA_DATA_arid'(1) - Only lower order bits will be connected.
WARNING: [BD 41-2384] Width mismatch when connecting pin: '/processing_system7_0/S_AXI_HP0_WID'(6) to pin: '/ctrl/M_AXI_DMA_DATA_wid'(1) - Only lower order bits will be connected.
VHDL Output written to : C:/Users/kgrantma/Downloads/test/guitar-tuner-main/Vivado/audio_fft/audio_fft.srcs/sources_1/bd/design_1/synth/design_1.v
WARNING: [BD 41-2384] Width mismatch when connecting pin: '/ctrl/axi_interconnect_0/m00_couplers/auto_pc/m_axi_rid'(1) to pin: '/ctrl/axi_interconnect_0/m00_couplers/M_AXI_rid'(6) - Only lower order bits will be connected.
WARNING: [BD 41-2384] Width mismatch when connecting pin: '/ctrl/axi_interconnect_0/m00_couplers/auto_pc/m_axi_bid'(1) to pin: '/ctrl/axi_interconnect_0/m00_couplers/M_AXI_bid'(6) - Only lower order bits will be connected.
WARNING: [BD 41-2384] Width mismatch when connecting pin: '/processing_system7_0/S_AXI_HP0_AWID'(6) to pin: '/ctrl/M_AXI_DMA_DATA_awid'(1) - Only lower order bits will be connected.
WARNING: [BD 41-2384] Width mismatch when connecting pin: '/processing_system7_0/S_AXI_HP0_ARID'(6) to pin: '/ctrl/M_AXI_DMA_DATA_arid'(1) - Only lower order bits will be connected.
WARNING: [BD 41-2384] Width mismatch when connecting pin: '/processing_system7_0/S_AXI_HP0_WID'(6) to pin: '/ctrl/M_AXI_DMA_DATA_wid'(1) - Only lower order bits will be connected.
VHDL Output written to : C:/Users/kgrantma/Downloads/test/guitar-tuner-main/Vivado/audio_fft/audio_fft.srcs/sources_1/bd/design_1/sim/design_1.v
VHDL Output written to : C:/Users/kgrantma/Downloads/test/guitar-tuner-main/Vivado/audio_fft/audio_fft.srcs/sources_1/bd/design_1/hdl/design_1_wrapper.v
INFO: [BD 41-1029] Generation completed for the IP Integrator block accelerator/xfft_0 .
INFO: [BD 41-1029] Generation completed for the IP Integrator block ctrl/axi_dma_0 .
INFO: [BD 41-1029] Generation completed for the IP Integrator block ctrl/proc_sys_reset_0 .
WARNING: [IP_Flow 19-5611] Unable to find an associated reset port for the interface 'M_AXI_GP0'. A default connection has been created.
WARNING: [IP_Flow 19-5611] Unable to find an associated reset port for the interface 'M_AXI_GP1'. A default connection has been created.
WARNING: [IP_Flow 19-5611] Unable to find an associated reset port for the interface 'S_AXI_HP0'. A default connection has been created.
INFO: [BD 41-1029] Generation completed for the IP Integrator block processing_system7_0 .
INFO: [BD 41-1029] Generation completed for the IP Integrator block ctrl/axi_interconnect_0/xbar .
INFO: [BD 41-1029] Generation completed for the IP Integrator block ctrl/axi_interconnect_1/xbar .
INFO: [BD 41-1029] Generation completed for the IP Integrator block custom_hps_0 .
INFO: [BD 41-1029] Generation completed for the IP Integrator block proc_sys_reset_0 .
INFO: [BD 41-1029] Generation completed for the IP Integrator block ctrl/axi_interconnect_0/m00_couplers/auto_pc .
INFO: [BD 41-1029] Generation completed for the IP Integrator block ctrl/axi_interconnect_1/s00_couplers/auto_pc .
INFO: [BD 41-1029] Generation completed for the IP Integrator block axi_interconnect_0/s00_couplers/auto_pc .
Exporting to file C:/Users/kgrantma/Downloads/test/guitar-tuner-main/Vivado/audio_fft/audio_fft.srcs/sources_1/bd/design_1/hw_handoff/design_1.hwh
Generated Block Design Tcl file C:/Users/kgrantma/Downloads/test/guitar-tuner-main/Vivado/audio_fft/audio_fft.srcs/sources_1/bd/design_1/hw_handoff/design_1_bd.tcl
Generated Hardware Definition File C:/Users/kgrantma/Downloads/test/guitar-tuner-main/Vivado/audio_fft/audio_fft.srcs/sources_1/bd/design_1/synth/design_1.hwdef
[Fri Mar 10 16:27:32 2023] Launched synth_1...
Run output will be captured here: C:/Users/kgrantma/Downloads/test/guitar-tuner-main/Vivado/audio_fft/audio_fft.runs/synth_1/runme.log
[Fri Mar 10 16:27:32 2023] Launched impl_1...
Run output will be captured here: C:/Users/kgrantma/Downloads/test/guitar-tuner-main/Vivado/audio_fft/audio_fft.runs/impl_1/runme.log
launch_runs: Time (s): cpu = 00:00:40 ; elapsed = 00:00:43 . Memory (MB): peak = 1876.637 ; gain = 217.957
reset_run synth_1
WARNING: [Vivado 12-1017] Problems encountered:
1. Failed to delete one or more files in run directory C:/Users/kgrantma/Downloads/test/guitar-tuner-main/Vivado/audio_fft/audio_fft.runs/synth_1

assign_bd_address -target_address_space /processing_system7_0/Data [get_bd_addr_segs custom_hps_0/S00_AXI/S00_AXI_reg] -force
Slave segment '/custom_hps_0/S00_AXI/S00_AXI_reg' is being assigned into address space '/processing_system7_0/Data' at <0x83C0_0000 [ 64K ]>.
save_bd_design
Wrote  : <C:\Users\kgrantma\Downloads\test\guitar-tuner-main\Vivado\audio_fft\audio_fft.srcs\sources_1\bd\design_1\design_1.bd> 
Wrote  : <C:/Users/kgrantma/Downloads/test/guitar-tuner-main/Vivado/audio_fft/audio_fft.srcs/sources_1/bd/design_1/ui/bd_1f5defd0.ui> 
launch_runs impl_1 -to_step write_bitstream -jobs 8
WARNING: [BD 41-702] Propagation TCL tries to overwrite USER strength parameter C_M_AXI_S2MM_DATA_WIDTH(64) on '/ctrl/axi_dma_0' with propagated value(32). Command ignored
WARNING: [BD 41-702] Propagation TCL tries to overwrite USER strength parameter C_M_AXI_S2MM_DATA_WIDTH(64) on '/ctrl/axi_dma_0' with propagated value(32). Command ignored
WARNING: [BD 41-702] Propagation TCL tries to overwrite USER strength parameter C_M_AXI_S2MM_DATA_WIDTH(64) on '/ctrl/axi_dma_0' with propagated value(32). Command ignored
WARNING: [BD 41-702] Propagation TCL tries to overwrite USER strength parameter C_M_AXI_S2MM_DATA_WIDTH(64) on '/ctrl/axi_dma_0' with propagated value(32). Command ignored
WARNING: [BD 41-702] Propagation TCL tries to overwrite USER strength parameter C_M_AXI_S2MM_DATA_WIDTH(64) on '/ctrl/axi_dma_0' with propagated value(32). Command ignored
WARNING: [BD 41-702] Propagation TCL tries to overwrite USER strength parameter C_M_AXI_S2MM_DATA_WIDTH(64) on '/ctrl/axi_dma_0' with propagated value(32). Command ignored
WARNING: [BD 41-702] Propagation TCL tries to overwrite USER strength parameter C_M_AXI_S2MM_DATA_WIDTH(64) on '/ctrl/axi_dma_0' with propagated value(32). Command ignored
Wrote  : <C:\Users\kgrantma\Downloads\test\guitar-tuner-main\Vivado\audio_fft\audio_fft.srcs\sources_1\bd\design_1\design_1.bd> 
WARNING: [BD 41-2384] Width mismatch when connecting pin: '/ctrl/axi_interconnect_0/m00_couplers/auto_pc/m_axi_rid'(1) to pin: '/ctrl/axi_interconnect_0/m00_couplers/M_AXI_rid'(6) - Only lower order bits will be connected.
WARNING: [BD 41-2384] Width mismatch when connecting pin: '/ctrl/axi_interconnect_0/m00_couplers/auto_pc/m_axi_bid'(1) to pin: '/ctrl/axi_interconnect_0/m00_couplers/M_AXI_bid'(6) - Only lower order bits will be connected.
WARNING: [BD 41-2384] Width mismatch when connecting pin: '/processing_system7_0/S_AXI_HP0_AWID'(6) to pin: '/ctrl/M_AXI_DMA_DATA_awid'(1) - Only lower order bits will be connected.
WARNING: [BD 41-2384] Width mismatch when connecting pin: '/processing_system7_0/S_AXI_HP0_ARID'(6) to pin: '/ctrl/M_AXI_DMA_DATA_arid'(1) - Only lower order bits will be connected.
WARNING: [BD 41-2384] Width mismatch when connecting pin: '/processing_system7_0/S_AXI_HP0_WID'(6) to pin: '/ctrl/M_AXI_DMA_DATA_wid'(1) - Only lower order bits will be connected.
VHDL Output written to : C:/Users/kgrantma/Downloads/test/guitar-tuner-main/Vivado/audio_fft/audio_fft.srcs/sources_1/bd/design_1/synth/design_1.v
WARNING: [BD 41-2384] Width mismatch when connecting pin: '/ctrl/axi_interconnect_0/m00_couplers/auto_pc/m_axi_rid'(1) to pin: '/ctrl/axi_interconnect_0/m00_couplers/M_AXI_rid'(6) - Only lower order bits will be connected.
WARNING: [BD 41-2384] Width mismatch when connecting pin: '/ctrl/axi_interconnect_0/m00_couplers/auto_pc/m_axi_bid'(1) to pin: '/ctrl/axi_interconnect_0/m00_couplers/M_AXI_bid'(6) - Only lower order bits will be connected.
WARNING: [BD 41-2384] Width mismatch when connecting pin: '/processing_system7_0/S_AXI_HP0_AWID'(6) to pin: '/ctrl/M_AXI_DMA_DATA_awid'(1) - Only lower order bits will be connected.
WARNING: [BD 41-2384] Width mismatch when connecting pin: '/processing_system7_0/S_AXI_HP0_ARID'(6) to pin: '/ctrl/M_AXI_DMA_DATA_arid'(1) - Only lower order bits will be connected.
WARNING: [BD 41-2384] Width mismatch when connecting pin: '/processing_system7_0/S_AXI_HP0_WID'(6) to pin: '/ctrl/M_AXI_DMA_DATA_wid'(1) - Only lower order bits will be connected.
VHDL Output written to : C:/Users/kgrantma/Downloads/test/guitar-tuner-main/Vivado/audio_fft/audio_fft.srcs/sources_1/bd/design_1/sim/design_1.v
VHDL Output written to : C:/Users/kgrantma/Downloads/test/guitar-tuner-main/Vivado/audio_fft/audio_fft.srcs/sources_1/bd/design_1/hdl/design_1_wrapper.v
INFO: [BD 41-1029] Generation completed for the IP Integrator block ctrl/axi_interconnect_0/m00_couplers/auto_pc .
INFO: [BD 41-1029] Generation completed for the IP Integrator block ctrl/axi_interconnect_1/s00_couplers/auto_pc .
INFO: [BD 41-1029] Generation completed for the IP Integrator block axi_interconnect_0/s00_couplers/auto_pc .
Exporting to file C:/Users/kgrantma/Downloads/test/guitar-tuner-main/Vivado/audio_fft/audio_fft.srcs/sources_1/bd/design_1/hw_handoff/design_1.hwh
Generated Block Design Tcl file C:/Users/kgrantma/Downloads/test/guitar-tuner-main/Vivado/audio_fft/audio_fft.srcs/sources_1/bd/design_1/hw_handoff/design_1_bd.tcl
Generated Hardware Definition File C:/Users/kgrantma/Downloads/test/guitar-tuner-main/Vivado/audio_fft/audio_fft.srcs/sources_1/bd/design_1/synth/design_1.hwdef
[Fri Mar 10 16:28:44 2023] Launched synth_1...
Run output will be captured here: C:/Users/kgrantma/Downloads/test/guitar-tuner-main/Vivado/audio_fft/audio_fft.runs/synth_1/runme.log
[Fri Mar 10 16:28:44 2023] Launched impl_1...
Run output will be captured here: C:/Users/kgrantma/Downloads/test/guitar-tuner-main/Vivado/audio_fft/audio_fft.runs/impl_1/runme.log
launch_runs: Time (s): cpu = 00:00:14 ; elapsed = 00:00:16 . Memory (MB): peak = 1880.992 ; gain = 4.355
CRITICAL WARNING: [PSU-1]  Parameter : PCW_UIPARAM_DDR_DQS_TO_CLK_DELAY_2 has negative value -0.009 . PS DDR interfaces might fail when entering negative DQS skew values. 
CRITICAL WARNING: [PSU-2]  Parameter : PCW_UIPARAM_DDR_DQS_TO_CLK_DELAY_3 has negative value -0.061 . PS DDR interfaces might fail when entering negative DQS skew values. 
WARNING: [IP_Flow 19-474] Invalid Parameter 'Component_Name'
export_ip_user_files -of_objects  [get_files C:/Users/kgrantma/Downloads/test/guitar-tuner-main/Vivado/audio_fft/audio_fft.srcs/sources_1/imports/hdl/design_1_wrapper.v] -no_script -reset -force -quiet
remove_files  C:/Users/kgrantma/Downloads/test/guitar-tuner-main/Vivado/audio_fft/audio_fft.srcs/sources_1/imports/hdl/design_1_wrapper.v
make_wrapper -files [get_files C:/Users/kgrantma/Downloads/test/guitar-tuner-main/Vivado/audio_fft/audio_fft.srcs/sources_1/bd/design_1/design_1.bd] -top
add_files -norecurse C:/Users/kgrantma/Downloads/test/guitar-tuner-main/Vivado/audio_fft/audio_fft.srcs/sources_1/bd/design_1/hdl/design_1_wrapper.v
reset_run synth_1
launch_runs impl_1 -to_step write_bitstream -jobs 8
[Fri Mar 10 16:52:27 2023] Launched synth_1...
Run output will be captured here: C:/Users/kgrantma/Downloads/test/guitar-tuner-main/Vivado/audio_fft/audio_fft.runs/synth_1/runme.log
[Fri Mar 10 16:52:27 2023] Launched impl_1...
Run output will be captured here: C:/Users/kgrantma/Downloads/test/guitar-tuner-main/Vivado/audio_fft/audio_fft.runs/impl_1/runme.log
write_hw_platform -fixed -include_bit -force -file C:/Users/kgrantma/Downloads/test/guitar-tuner-main/Vivado/audio_fft/design_1_wrapper.xsa
INFO: [Vivado 12-4895] Creating Hardware Platform: C:/Users/kgrantma/Downloads/test/guitar-tuner-main/Vivado/audio_fft/design_1_wrapper.xsa ...
INFO: [Hsi 55-2053] elapsed time for repository (C:/Xilinx/Vivado/2020.2/data\embeddedsw) loading 0 seconds
INFO: [Vivado 12-12467] The Hardware Platform can be used for Hardware
INFO: [Vivado 12-4896] Successfully created Hardware Platform: C:/Users/kgrantma/Downloads/test/guitar-tuner-main/Vivado/audio_fft/design_1_wrapper.xsa
INFO: [Vivado 12-8231] Launching Vitis
INFO: [Vivado 12-417] Running vitis
INFO: [Vivado 12-8232] Vitis launch initiated. Please check console for any further messages.
write_hw_platform -fixed -include_bit -force -file C:/Users/kgrantma/Downloads/test/guitar-tuner-main/Vivado/audio_fft/design_1_wrapper.xsa
INFO: [Vivado 12-4895] Creating Hardware Platform: C:/Users/kgrantma/Downloads/test/guitar-tuner-main/Vivado/audio_fft/design_1_wrapper.xsa ...
INFO: [Vivado 12-12467] The Hardware Platform can be used for Hardware
INFO: [Vivado 12-4896] Successfully created Hardware Platform: C:/Users/kgrantma/Downloads/test/guitar-tuner-main/Vivado/audio_fft/design_1_wrapper.xsa
