#-----------------------------------------------------------
# Vivado v2020.2 (64-bit)
# SW Build 3064766 on Wed Nov 18 09:12:45 MST 2020
# IP Build 3064653 on Wed Nov 18 14:17:31 MST 2020
# Start of session at: Fri Mar 17 20:12:12 2023
# Process ID: 19588
# Current directory: C:/KDevelop/guitar-tuner/Vivado/audio_fft
# Command line: vivado.exe -gui_launcher_event rodinguilauncherevent4048 C:\KDevelop\guitar-tuner\Vivado\audio_fft\audio_fft.xpr
# Log file: C:/KDevelop/guitar-tuner/Vivado/audio_fft/vivado.log
# Journal file: C:/KDevelop/guitar-tuner/Vivado/audio_fft\vivado.jou
#-----------------------------------------------------------
start_gui
open_project C:/KDevelop/guitar-tuner/Vivado/audio_fft/audio_fft.xpr
INFO: [Project 1-313] Project file moved from 'C:/Users/kgrantma/Downloads/M5/guitar-tuner-main/Vivado/audio_fft' since last save.
CRITICAL WARNING: [Project 1-311] Could not find the file 'C:/../guitar-tuner-audio_fft_hps/Vivado/sources/zedboard/adventures_with_ip_integrator/constraints/adventures_with_ip.xdc', nor could it be found using path 'C:/Users/kgrantma/guitar-tuner-audio_fft_hps/Vivado/sources/zedboard/adventures_with_ip_integrator/constraints/adventures_with_ip.xdc'.
Scanning sources...
Finished scanning sources
INFO: [IP_Flow 19-234] Refreshing IP repositories
INFO: [IP_Flow 19-1700] Loaded user IP repository 'c:/KDevelop/guitar-tuner/Vivado/ip_repo'.
INFO: [IP_Flow 19-2313] Loaded Vivado IP repository 'C:/Xilinx/Vivado/2020.2/data/ip'.
open_project: Time (s): cpu = 00:00:16 ; elapsed = 00:00:11 . Memory (MB): peak = 1108.262 ; gain = 0.000
update_compile_order -fileset sources_1
open_bd_design {C:/KDevelop/guitar-tuner/Vivado/audio_fft/audio_fft.srcs/sources_1/bd/design_1/design_1.bd}
Reading block design file <C:/KDevelop/guitar-tuner/Vivado/audio_fft/audio_fft.srcs/sources_1/bd/design_1/design_1.bd>...
Adding component instance block -- xilinx.com:ip:xfft:9.1 - xfft_0
Adding component instance block -- xilinx.com:user:edge_detect:1.0 - edge_detect_0
Adding component instance block -- xilinx.com:ip:axi_dma:7.1 - axi_dma_0
Adding component instance block -- xilinx.com:ip:axi_gpio:2.0 - axi_gpio_0
Adding component instance block -- xilinx.com:ip:axi_interconnect:2.1 - axi_interconnect_0
Adding component instance block -- xilinx.com:ip:axi_crossbar:2.1 - xbar
Adding component instance block -- xilinx.com:ip:axi_protocol_converter:2.1 - auto_pc
Adding component instance block -- xilinx.com:ip:axi_interconnect:2.1 - axi_interconnect_1
Adding component instance block -- xilinx.com:ip:axi_crossbar:2.1 - xbar
Adding component instance block -- xilinx.com:ip:axi_protocol_converter:2.1 - auto_pc
Adding component instance block -- xilinx.com:ip:proc_sys_reset:5.0 - proc_sys_reset_0
Adding component instance block -- xilinx.com:ip:xlconcat:2.1 - xlconcat_0
Adding component instance block -- xilinx.com:ip:processing_system7:5.5 - processing_system7_0
Adding component instance block -- xilinx.com:ip:axi_interconnect:2.1 - axi_interconnect_0
Adding component instance block -- xilinx.com:ip:axi_crossbar:2.1 - xbar
Adding component instance block -- xilinx.com:ip:axi_protocol_converter:2.1 - auto_pc
Adding component instance block -- xilinx.com:ip:proc_sys_reset:5.0 - proc_sys_reset_0
Adding component instance block -- sfu.ca:user:custom_hps:4.0 - custom_hps_1
Adding component instance block -- xilinx.com:user:zed_audio_ctrl:1.0 - zed_audio_ctrl_0
Adding component instance block -- xilinx.com:ip:axi_gpio:2.0 - axi_gpio_0
Successfully read diagram <design_1> from block design file <C:/KDevelop/guitar-tuner/Vivado/audio_fft/audio_fft.srcs/sources_1/bd/design_1/design_1.bd>
open_bd_design: Time (s): cpu = 00:00:11 ; elapsed = 00:00:11 . Memory (MB): peak = 1265.344 ; gain = 157.082
INFO: [Vivado 12-8231] Launching Vitis
INFO: [Vivado 12-417] Running vitis
INFO: [Vivado 12-8232] Vitis launch initiated. Please check console for any further messages.
update_files -from_files C:/KDevelop/guitar-tuner/Vivado/sources/zedboard/adventures_with_ip_integrator/constraints/adventures_with_ip.xdc -to_files C:/../guitar-tuner-audio_fft_hps/Vivado/sources/zedboard/adventures_with_ip_integrator/constraints/adventures_with_ip.xdc -filesets [get_filesets *]
INFO: [filemgmt 20-762] Replacing file 'C:/../guitar-tuner-audio_fft_hps/Vivado/sources/zedboard/adventures_with_ip_integrator/constraints/adventures_with_ip.xdc' with file 'C:/KDevelop/guitar-tuner/Vivado/sources/zedboard/adventures_with_ip_integrator/constraints/adventures_with_ip.xdc'.
reset_run synth_1
launch_runs impl_1 -to_step write_bitstream -jobs 6
[Fri Mar 17 20:17:50 2023] Launched synth_1...
Run output will be captured here: C:/KDevelop/guitar-tuner/Vivado/audio_fft/audio_fft.runs/synth_1/runme.log
[Fri Mar 17 20:17:50 2023] Launched impl_1...
Run output will be captured here: C:/KDevelop/guitar-tuner/Vivado/audio_fft/audio_fft.runs/impl_1/runme.log
write_hw_platform -fixed -include_bit -force -file C:/KDevelop/guitar-tuner/Vivado/audio_fft/design_1_wrapper.xsa
INFO: [Vivado 12-4895] Creating Hardware Platform: C:/KDevelop/guitar-tuner/Vivado/audio_fft/design_1_wrapper.xsa ...
INFO: [Hsi 55-2053] elapsed time for repository (C:/Xilinx/Vivado/2020.2/data\embeddedsw) loading 0 seconds
INFO: [Vivado 12-12467] The Hardware Platform can be used for Hardware
INFO: [Vivado 12-4896] Successfully created Hardware Platform: C:/KDevelop/guitar-tuner/Vivado/audio_fft/design_1_wrapper.xsa
write_hw_platform: Time (s): cpu = 00:00:06 ; elapsed = 00:00:06 . Memory (MB): peak = 1608.879 ; gain = 161.602
exit
INFO: [Common 17-206] Exiting Vivado at Fri Mar 17 20:45:59 2023...
