#-----------------------------------------------------------
# Vivado v2020.2 (64-bit)
# SW Build 3064766 on Wed Nov 18 09:12:45 MST 2020
# IP Build 3064653 on Wed Nov 18 14:17:31 MST 2020
# Start of session at: Sat Mar 11 16:46:05 2023
# Process ID: 27140
# Current directory: C:/KDevelop/guitar-tuner/Vivado/audio_fft
# Command line: vivado.exe -gui_launcher_event rodinguilauncherevent33400 C:\KDevelop\guitar-tuner\Vivado\audio_fft\audio_fft.xpr
# Log file: C:/KDevelop/guitar-tuner/Vivado/audio_fft/vivado.log
# Journal file: C:/KDevelop/guitar-tuner/Vivado/audio_fft\vivado.jou
#-----------------------------------------------------------
start_gui
open_project C:/KDevelop/guitar-tuner/Vivado/audio_fft/audio_fft.xpr
INFO: [Project 1-313] Project file moved from 'C:/Users/kgrantma/Downloads/test/guitar-tuner-main/Vivado/audio_fft' since last save.
Scanning sources...
Finished scanning sources
INFO: [IP_Flow 19-234] Refreshing IP repositories
INFO: [IP_Flow 19-1700] Loaded user IP repository 'c:/KDevelop/guitar-tuner/Vivado/ip_repo'.
INFO: [IP_Flow 19-2313] Loaded Vivado IP repository 'C:/Xilinx/Vivado/2020.2/data/ip'.
open_project: Time (s): cpu = 00:00:14 ; elapsed = 00:00:12 . Memory (MB): peak = 1105.480 ; gain = 0.000
update_compile_order -fileset sources_1
open_bd_design {C:/KDevelop/guitar-tuner/Vivado/audio_fft/audio_fft.srcs/sources_1/bd/design_1/design_1.bd}
Reading block design file <C:/KDevelop/guitar-tuner/Vivado/audio_fft/audio_fft.srcs/sources_1/bd/design_1/design_1.bd>...
Adding component instance block -- xilinx.com:ip:xfft:9.1 - xfft_0
Adding component instance block -- xilinx.com:user:edge_detect:1.0 - edge_detect_0
Adding component instance block -- xilinx.com:ip:axi_dma:7.1 - axi_dma_0
Adding component instance block -- xilinx.com:ip:axi_gpio:2.0 - axi_gpio_0
Adding component instance block -- xilinx.com:ip:axi_interconnect:2.1 - axi_interconnect_0
Adding component instance block -- xilinx.com:ip:axi_crossbar:2.1 - xbar
Adding component instance block -- xilinx.com:ip:axi_protocol_converter:2.1 - auto_pc
Adding component instance block -- xilinx.com:ip:axi_interconnect:2.1 - axi_interconnect_1
Adding component instance block -- xilinx.com:ip:axi_crossbar:2.1 - xbar
Adding component instance block -- xilinx.com:ip:axi_protocol_converter:2.1 - auto_pc
Adding component instance block -- xilinx.com:ip:proc_sys_reset:5.0 - proc_sys_reset_0
Adding component instance block -- xilinx.com:ip:xlconcat:2.1 - xlconcat_0
Adding component instance block -- xilinx.com:ip:processing_system7:5.5 - processing_system7_0
Adding component instance block -- xilinx.com:ip:axi_interconnect:2.1 - axi_interconnect_0
Adding component instance block -- xilinx.com:ip:axi_protocol_converter:2.1 - auto_pc
Adding component instance block -- sfu.ca:user:custom_hps:1.0 - custom_hps_0
Adding component instance block -- xilinx.com:ip:proc_sys_reset:5.0 - proc_sys_reset_0
Successfully read diagram <design_1> from block design file <C:/KDevelop/guitar-tuner/Vivado/audio_fft/audio_fft.srcs/sources_1/bd/design_1/design_1.bd>
open_bd_design: Time (s): cpu = 00:00:11 ; elapsed = 00:00:10 . Memory (MB): peak = 1251.977 ; gain = 146.496
INFO: [Vivado 12-8231] Launching Vitis
INFO: [Vivado 12-417] Running vitis
INFO: [Vivado 12-8232] Vitis launch initiated. Please check console for any further messages.
ipx::edit_ip_in_project -upgrade true -name custom_hps_v1_0_project -directory C:/KDevelop/guitar-tuner/Vivado/audio_fft/audio_fft.tmp/custom_hps_v1_0_project c:/KDevelop/guitar-tuner/Vivado/ip_repo/custom_hps_1.0/component.xml
INFO: [IP_Flow 19-234] Refreshing IP repositories
INFO: [IP_Flow 19-1704] No user IP repositories specified
INFO: [IP_Flow 19-2313] Loaded Vivado IP repository 'C:/Xilinx/Vivado/2020.2/data/ip'.
INFO: [IP_Flow 19-234] Refreshing IP repositories
INFO: [IP_Flow 19-1700] Loaded user IP repository 'c:/KDevelop/guitar-tuner/Vivado/ip_repo'.
INFO: [IP_Flow 19-795] Syncing license key meta-data
update_compile_order -fileset sources_1
current_project audio_fft
current_project custom_hps_v1_0_project
ipx::merge_project_changes files [ipx::current_core]
WARNING: [IP_Flow 19-5226] Project source file 'c:/KDevelop/guitar-tuner/Vivado/ip_repo/custom_hps_1.0/component.xml' ignored by IP packager.
ipx::merge_project_changes hdl_parameters [ipx::current_core]
WARNING: [IP_Flow 19-5226] Project source file 'c:/KDevelop/guitar-tuner/Vivado/ip_repo/custom_hps_1.0/component.xml' ignored by IP packager.
INFO: [IP_Flow 19-3166] Bus Interface 'S00_AXI': References existing memory map 'S00_AXI'.
set_property previous_version_for_upgrade sfu.ca:user:custom_hps:1.0 [ipx::current_core]
set_property core_revision 1 [ipx::current_core]
ipx::create_xgui_files [ipx::current_core]
ipx::update_checksums [ipx::current_core]
ipx::check_integrity [ipx::current_core]
INFO: [IP_Flow 19-2181] Payment Required is not set for this core.
INFO: [IP_Flow 19-2187] The Product Guide file is missing.
INFO: [Ipptcl 7-1486] check_integrity: Integrity check passed.
ipx::save_core [ipx::current_core]
ipx::move_temp_component_back -component [ipx::current_core]
close_project -delete
update_ip_catalog -rebuild -repo_path c:/KDevelop/guitar-tuner/Vivado/ip_repo
INFO: [IP_Flow 19-725] Reloaded user IP repository 'c:/KDevelop/guitar-tuner/Vivado/ip_repo'
startgroup
create_bd_cell -type ip -vlnv sfu.ca:user:custom_hps:2.0 custom_hps_1
endgroup
connect_bd_net [get_bd_pins custom_hps_1/s00_axi_aresetn] [get_bd_pins proc_sys_reset_0/peripheral_aresetn]
connect_bd_net [get_bd_pins custom_hps_1/s00_axi_aclk] [get_bd_pins processing_system7_0/FCLK_CLK0]
delete_bd_objs [get_bd_intf_nets axi_interconnect_0_M00_AXI1] [get_bd_cells custom_hps_0]
connect_bd_intf_net -boundary_type upper [get_bd_intf_pins axi_interconnect_0/M00_AXI] [get_bd_intf_pins custom_hps_1/S00_AXI]
assign_bd_address -target_address_space /processing_system7_0/Data [get_bd_addr_segs custom_hps_1/S00_AXI/S00_AXI_reg] -force
Slave segment '/custom_hps_1/S00_AXI/S00_AXI_reg' is being assigned into address space '/processing_system7_0/Data' at <0x83C0_0000 [ 64K ]>.
save_bd_design
Wrote  : <C:\KDevelop\guitar-tuner\Vivado\audio_fft\audio_fft.srcs\sources_1\bd\design_1\design_1.bd> 
Wrote  : <C:/KDevelop/guitar-tuner/Vivado/audio_fft/audio_fft.srcs/sources_1/bd/design_1/ui/bd_1f5defd0.ui> 
reset_run synth_1
launch_runs impl_1 -to_step write_bitstream -jobs 6
WARNING: [BD 41-702] Propagation TCL tries to overwrite USER strength parameter C_M_AXI_S2MM_DATA_WIDTH(64) on '/ctrl/axi_dma_0' with propagated value(32). Command ignored
WARNING: [BD 41-702] Propagation TCL tries to overwrite USER strength parameter C_M_AXI_S2MM_DATA_WIDTH(64) on '/ctrl/axi_dma_0' with propagated value(32). Command ignored
WARNING: [BD 41-702] Propagation TCL tries to overwrite USER strength parameter C_M_AXI_S2MM_DATA_WIDTH(64) on '/ctrl/axi_dma_0' with propagated value(32). Command ignored
WARNING: [BD 41-702] Propagation TCL tries to overwrite USER strength parameter C_M_AXI_S2MM_DATA_WIDTH(64) on '/ctrl/axi_dma_0' with propagated value(32). Command ignored
WARNING: [BD 41-702] Propagation TCL tries to overwrite USER strength parameter C_M_AXI_S2MM_DATA_WIDTH(64) on '/ctrl/axi_dma_0' with propagated value(32). Command ignored
WARNING: [BD 41-702] Propagation TCL tries to overwrite USER strength parameter C_M_AXI_S2MM_DATA_WIDTH(64) on '/ctrl/axi_dma_0' with propagated value(32). Command ignored
WARNING: [BD 41-702] Propagation TCL tries to overwrite USER strength parameter C_M_AXI_S2MM_DATA_WIDTH(64) on '/ctrl/axi_dma_0' with propagated value(32). Command ignored
Wrote  : <C:\KDevelop\guitar-tuner\Vivado\audio_fft\audio_fft.srcs\sources_1\bd\design_1\design_1.bd> 
WARNING: [BD 41-2384] Width mismatch when connecting pin: '/ctrl/axi_interconnect_0/m00_couplers/auto_pc/m_axi_rid'(1) to pin: '/ctrl/axi_interconnect_0/m00_couplers/M_AXI_rid'(6) - Only lower order bits will be connected.
WARNING: [BD 41-2384] Width mismatch when connecting pin: '/ctrl/axi_interconnect_0/m00_couplers/auto_pc/m_axi_bid'(1) to pin: '/ctrl/axi_interconnect_0/m00_couplers/M_AXI_bid'(6) - Only lower order bits will be connected.
WARNING: [BD 41-2384] Width mismatch when connecting pin: '/processing_system7_0/S_AXI_HP0_AWID'(6) to pin: '/ctrl/M_AXI_DMA_DATA_awid'(1) - Only lower order bits will be connected.
WARNING: [BD 41-2384] Width mismatch when connecting pin: '/processing_system7_0/S_AXI_HP0_ARID'(6) to pin: '/ctrl/M_AXI_DMA_DATA_arid'(1) - Only lower order bits will be connected.
WARNING: [BD 41-2384] Width mismatch when connecting pin: '/processing_system7_0/S_AXI_HP0_WID'(6) to pin: '/ctrl/M_AXI_DMA_DATA_wid'(1) - Only lower order bits will be connected.
VHDL Output written to : C:/KDevelop/guitar-tuner/Vivado/audio_fft/audio_fft.srcs/sources_1/bd/design_1/synth/design_1.v
WARNING: [BD 41-2384] Width mismatch when connecting pin: '/ctrl/axi_interconnect_0/m00_couplers/auto_pc/m_axi_rid'(1) to pin: '/ctrl/axi_interconnect_0/m00_couplers/M_AXI_rid'(6) - Only lower order bits will be connected.
WARNING: [BD 41-2384] Width mismatch when connecting pin: '/ctrl/axi_interconnect_0/m00_couplers/auto_pc/m_axi_bid'(1) to pin: '/ctrl/axi_interconnect_0/m00_couplers/M_AXI_bid'(6) - Only lower order bits will be connected.
WARNING: [BD 41-2384] Width mismatch when connecting pin: '/processing_system7_0/S_AXI_HP0_AWID'(6) to pin: '/ctrl/M_AXI_DMA_DATA_awid'(1) - Only lower order bits will be connected.
WARNING: [BD 41-2384] Width mismatch when connecting pin: '/processing_system7_0/S_AXI_HP0_ARID'(6) to pin: '/ctrl/M_AXI_DMA_DATA_arid'(1) - Only lower order bits will be connected.
WARNING: [BD 41-2384] Width mismatch when connecting pin: '/processing_system7_0/S_AXI_HP0_WID'(6) to pin: '/ctrl/M_AXI_DMA_DATA_wid'(1) - Only lower order bits will be connected.
VHDL Output written to : C:/KDevelop/guitar-tuner/Vivado/audio_fft/audio_fft.srcs/sources_1/bd/design_1/sim/design_1.v
VHDL Output written to : C:/KDevelop/guitar-tuner/Vivado/audio_fft/audio_fft.srcs/sources_1/bd/design_1/hdl/design_1_wrapper.v
INFO: [BD 41-1029] Generation completed for the IP Integrator block custom_hps_1 .
INFO: [BD 41-1029] Generation completed for the IP Integrator block ctrl/axi_interconnect_0/m00_couplers/auto_pc .
INFO: [BD 41-1029] Generation completed for the IP Integrator block ctrl/axi_interconnect_1/s00_couplers/auto_pc .
INFO: [BD 41-1029] Generation completed for the IP Integrator block axi_interconnect_0/s00_couplers/auto_pc .
Exporting to file C:/KDevelop/guitar-tuner/Vivado/audio_fft/audio_fft.srcs/sources_1/bd/design_1/hw_handoff/design_1.hwh
Generated Block Design Tcl file C:/KDevelop/guitar-tuner/Vivado/audio_fft/audio_fft.srcs/sources_1/bd/design_1/hw_handoff/design_1_bd.tcl
Generated Hardware Definition File C:/KDevelop/guitar-tuner/Vivado/audio_fft/audio_fft.srcs/sources_1/bd/design_1/synth/design_1.hwdef
[Sat Mar 11 17:05:20 2023] Launched synth_1...
Run output will be captured here: C:/KDevelop/guitar-tuner/Vivado/audio_fft/audio_fft.runs/synth_1/runme.log
[Sat Mar 11 17:05:20 2023] Launched impl_1...
Run output will be captured here: C:/KDevelop/guitar-tuner/Vivado/audio_fft/audio_fft.runs/impl_1/runme.log
launch_runs: Time (s): cpu = 00:00:20 ; elapsed = 00:00:27 . Memory (MB): peak = 1769.758 ; gain = 201.625
ipx::edit_ip_in_project -upgrade true -name custom_hps_v2_0_project -directory C:/KDevelop/guitar-tuner/Vivado/audio_fft/audio_fft.tmp/custom_hps_v2_0_project c:/KDevelop/guitar-tuner/Vivado/ip_repo/custom_hps_1.0/component.xml
INFO: [IP_Flow 19-234] Refreshing IP repositories
INFO: [IP_Flow 19-1704] No user IP repositories specified
INFO: [IP_Flow 19-2313] Loaded Vivado IP repository 'C:/Xilinx/Vivado/2020.2/data/ip'.
INFO: [IP_Flow 19-234] Refreshing IP repositories
INFO: [IP_Flow 19-1700] Loaded user IP repository 'c:/KDevelop/guitar-tuner/Vivado/ip_repo'.
INFO: [IP_Flow 19-795] Syncing license key meta-data
update_compile_order -fileset sources_1
ipx::merge_project_changes files [ipx::current_core]
WARNING: [IP_Flow 19-5226] Project source file 'c:/KDevelop/guitar-tuner/Vivado/ip_repo/custom_hps_1.0/component.xml' ignored by IP packager.
set_property previous_version_for_upgrade {sfu.ca:user:custom_hps:1.0 sfu.ca:user:custom_hps:2.0} [ipx::current_core]
set_property core_revision 1 [ipx::current_core]
ipx::create_xgui_files [ipx::current_core]
ipx::update_checksums [ipx::current_core]
ipx::check_integrity [ipx::current_core]
INFO: [IP_Flow 19-2181] Payment Required is not set for this core.
INFO: [IP_Flow 19-2187] The Product Guide file is missing.
INFO: [Ipptcl 7-1486] check_integrity: Integrity check passed.
ipx::save_core [ipx::current_core]
ipx::move_temp_component_back -component [ipx::current_core]
close_project -delete
update_ip_catalog -rebuild -repo_path c:/KDevelop/guitar-tuner/Vivado/ip_repo
INFO: [IP_Flow 19-725] Reloaded user IP repository 'c:/KDevelop/guitar-tuner/Vivado/ip_repo'
report_ip_status -name ip_status 
upgrade_ip -vlnv sfu.ca:user:custom_hps:2.1 [get_ips  design_1_custom_hps_1_0] -log ip_upgrade.log
Upgrading 'C:/KDevelop/guitar-tuner/Vivado/audio_fft/audio_fft.srcs/sources_1/bd/design_1/design_1.bd'
INFO: [IP_Flow 19-1972] Upgraded design_1_custom_hps_1_0 from custom_hps_v2.1 2.0 to custom_hps_v2.1 2.1
Wrote  : <C:\KDevelop\guitar-tuner\Vivado\audio_fft\audio_fft.srcs\sources_1\bd\design_1\design_1.bd> 
Wrote  : <C:/KDevelop/guitar-tuner/Vivado/audio_fft/audio_fft.srcs/sources_1/bd/design_1/ui/bd_1f5defd0.ui> 
INFO: [Coretcl 2-1525] Wrote upgrade log to 'C:/KDevelop/guitar-tuner/Vivado/audio_fft/ip_upgrade.log'.
export_ip_user_files -of_objects [get_ips design_1_custom_hps_1_0] -no_script -sync -force -quiet
generate_target all [get_files  C:/KDevelop/guitar-tuner/Vivado/audio_fft/audio_fft.srcs/sources_1/bd/design_1/design_1.bd]
WARNING: [BD 41-702] Propagation TCL tries to overwrite USER strength parameter C_M_AXI_S2MM_DATA_WIDTH(64) on '/ctrl/axi_dma_0' with propagated value(32). Command ignored
WARNING: [BD 41-702] Propagation TCL tries to overwrite USER strength parameter C_M_AXI_S2MM_DATA_WIDTH(64) on '/ctrl/axi_dma_0' with propagated value(32). Command ignored
WARNING: [BD 41-702] Propagation TCL tries to overwrite USER strength parameter C_M_AXI_S2MM_DATA_WIDTH(64) on '/ctrl/axi_dma_0' with propagated value(32). Command ignored
WARNING: [BD 41-702] Propagation TCL tries to overwrite USER strength parameter C_M_AXI_S2MM_DATA_WIDTH(64) on '/ctrl/axi_dma_0' with propagated value(32). Command ignored
WARNING: [BD 41-702] Propagation TCL tries to overwrite USER strength parameter C_M_AXI_S2MM_DATA_WIDTH(64) on '/ctrl/axi_dma_0' with propagated value(32). Command ignored
WARNING: [BD 41-702] Propagation TCL tries to overwrite USER strength parameter C_M_AXI_S2MM_DATA_WIDTH(64) on '/ctrl/axi_dma_0' with propagated value(32). Command ignored
WARNING: [BD 41-702] Propagation TCL tries to overwrite USER strength parameter C_M_AXI_S2MM_DATA_WIDTH(64) on '/ctrl/axi_dma_0' with propagated value(32). Command ignored
Wrote  : <C:\KDevelop\guitar-tuner\Vivado\audio_fft\audio_fft.srcs\sources_1\bd\design_1\design_1.bd> 
WARNING: [BD 41-2384] Width mismatch when connecting pin: '/ctrl/axi_interconnect_0/m00_couplers/auto_pc/m_axi_rid'(1) to pin: '/ctrl/axi_interconnect_0/m00_couplers/M_AXI_rid'(6) - Only lower order bits will be connected.
WARNING: [BD 41-2384] Width mismatch when connecting pin: '/ctrl/axi_interconnect_0/m00_couplers/auto_pc/m_axi_bid'(1) to pin: '/ctrl/axi_interconnect_0/m00_couplers/M_AXI_bid'(6) - Only lower order bits will be connected.
WARNING: [BD 41-2384] Width mismatch when connecting pin: '/processing_system7_0/S_AXI_HP0_AWID'(6) to pin: '/ctrl/M_AXI_DMA_DATA_awid'(1) - Only lower order bits will be connected.
WARNING: [BD 41-2384] Width mismatch when connecting pin: '/processing_system7_0/S_AXI_HP0_ARID'(6) to pin: '/ctrl/M_AXI_DMA_DATA_arid'(1) - Only lower order bits will be connected.
WARNING: [BD 41-2384] Width mismatch when connecting pin: '/processing_system7_0/S_AXI_HP0_WID'(6) to pin: '/ctrl/M_AXI_DMA_DATA_wid'(1) - Only lower order bits will be connected.
VHDL Output written to : C:/KDevelop/guitar-tuner/Vivado/audio_fft/audio_fft.srcs/sources_1/bd/design_1/synth/design_1.v
WARNING: [BD 41-2384] Width mismatch when connecting pin: '/ctrl/axi_interconnect_0/m00_couplers/auto_pc/m_axi_rid'(1) to pin: '/ctrl/axi_interconnect_0/m00_couplers/M_AXI_rid'(6) - Only lower order bits will be connected.
WARNING: [BD 41-2384] Width mismatch when connecting pin: '/ctrl/axi_interconnect_0/m00_couplers/auto_pc/m_axi_bid'(1) to pin: '/ctrl/axi_interconnect_0/m00_couplers/M_AXI_bid'(6) - Only lower order bits will be connected.
WARNING: [BD 41-2384] Width mismatch when connecting pin: '/processing_system7_0/S_AXI_HP0_AWID'(6) to pin: '/ctrl/M_AXI_DMA_DATA_awid'(1) - Only lower order bits will be connected.
WARNING: [BD 41-2384] Width mismatch when connecting pin: '/processing_system7_0/S_AXI_HP0_ARID'(6) to pin: '/ctrl/M_AXI_DMA_DATA_arid'(1) - Only lower order bits will be connected.
WARNING: [BD 41-2384] Width mismatch when connecting pin: '/processing_system7_0/S_AXI_HP0_WID'(6) to pin: '/ctrl/M_AXI_DMA_DATA_wid'(1) - Only lower order bits will be connected.
VHDL Output written to : C:/KDevelop/guitar-tuner/Vivado/audio_fft/audio_fft.srcs/sources_1/bd/design_1/sim/design_1.v
VHDL Output written to : C:/KDevelop/guitar-tuner/Vivado/audio_fft/audio_fft.srcs/sources_1/bd/design_1/hdl/design_1_wrapper.v
INFO: [BD 41-1029] Generation completed for the IP Integrator block custom_hps_1 .
INFO: [BD 41-1029] Generation completed for the IP Integrator block ctrl/axi_interconnect_0/m00_couplers/auto_pc .
INFO: [BD 41-1029] Generation completed for the IP Integrator block ctrl/axi_interconnect_1/s00_couplers/auto_pc .
INFO: [BD 41-1029] Generation completed for the IP Integrator block axi_interconnect_0/s00_couplers/auto_pc .
Exporting to file C:/KDevelop/guitar-tuner/Vivado/audio_fft/audio_fft.srcs/sources_1/bd/design_1/hw_handoff/design_1.hwh
Generated Block Design Tcl file C:/KDevelop/guitar-tuner/Vivado/audio_fft/audio_fft.srcs/sources_1/bd/design_1/hw_handoff/design_1_bd.tcl
Generated Hardware Definition File C:/KDevelop/guitar-tuner/Vivado/audio_fft/audio_fft.srcs/sources_1/bd/design_1/synth/design_1.hwdef
generate_target: Time (s): cpu = 00:00:15 ; elapsed = 00:00:15 . Memory (MB): peak = 1840.152 ; gain = 0.000
export_ip_user_files -of_objects [get_files C:/KDevelop/guitar-tuner/Vivado/audio_fft/audio_fft.srcs/sources_1/bd/design_1/design_1.bd] -no_script -sync -force -quiet
export_simulation -of_objects [get_files C:/KDevelop/guitar-tuner/Vivado/audio_fft/audio_fft.srcs/sources_1/bd/design_1/design_1.bd] -directory C:/KDevelop/guitar-tuner/Vivado/audio_fft/audio_fft.ip_user_files/sim_scripts -ip_user_files_dir C:/KDevelop/guitar-tuner/Vivado/audio_fft/audio_fft.ip_user_files -ipstatic_source_dir C:/KDevelop/guitar-tuner/Vivado/audio_fft/audio_fft.ip_user_files/ipstatic -lib_map_path [list {modelsim=C:/KDevelop/guitar-tuner/Vivado/audio_fft/audio_fft.cache/compile_simlib/modelsim} {questa=C:/KDevelop/guitar-tuner/Vivado/audio_fft/audio_fft.cache/compile_simlib/questa} {riviera=C:/KDevelop/guitar-tuner/Vivado/audio_fft/audio_fft.cache/compile_simlib/riviera} {activehdl=C:/KDevelop/guitar-tuner/Vivado/audio_fft/audio_fft.cache/compile_simlib/activehdl}] -use_ip_compiled_libs -force -quiet
report_ip_status -name ip_status 
reset_run synth_1
launch_runs impl_1 -to_step write_bitstream -jobs 6
[Sat Mar 11 17:09:55 2023] Launched synth_1...
Run output will be captured here: C:/KDevelop/guitar-tuner/Vivado/audio_fft/audio_fft.runs/synth_1/runme.log
[Sat Mar 11 17:09:55 2023] Launched impl_1...
Run output will be captured here: C:/KDevelop/guitar-tuner/Vivado/audio_fft/audio_fft.runs/impl_1/runme.log
ipx::edit_ip_in_project -upgrade true -name custom_hps_v2_1_project -directory C:/KDevelop/guitar-tuner/Vivado/audio_fft/audio_fft.tmp/custom_hps_v2_1_project c:/KDevelop/guitar-tuner/Vivado/ip_repo/custom_hps_1.0/component.xml
INFO: [IP_Flow 19-234] Refreshing IP repositories
INFO: [IP_Flow 19-1704] No user IP repositories specified
INFO: [IP_Flow 19-2313] Loaded Vivado IP repository 'C:/Xilinx/Vivado/2020.2/data/ip'.
INFO: [IP_Flow 19-234] Refreshing IP repositories
INFO: [IP_Flow 19-1700] Loaded user IP repository 'c:/KDevelop/guitar-tuner/Vivado/ip_repo'.
INFO: [IP_Flow 19-795] Syncing license key meta-data
update_compile_order -fileset sources_1
ipx::merge_project_changes files [ipx::current_core]
WARNING: [IP_Flow 19-5226] Project source file 'c:/KDevelop/guitar-tuner/Vivado/ip_repo/custom_hps_1.0/component.xml' ignored by IP packager.
set_property previous_version_for_upgrade {sfu.ca:user:custom_hps:1.0 sfu.ca:user:custom_hps:2.0 sfu.ca:user:custom_hps:2.1} [ipx::current_core]
set_property core_revision 1 [ipx::current_core]
ipx::create_xgui_files [ipx::current_core]
ipx::update_checksums [ipx::current_core]
ipx::check_integrity [ipx::current_core]
INFO: [IP_Flow 19-2181] Payment Required is not set for this core.
INFO: [IP_Flow 19-2187] The Product Guide file is missing.
INFO: [Ipptcl 7-1486] check_integrity: Integrity check passed.
ipx::save_core [ipx::current_core]
ipx::move_temp_component_back -component [ipx::current_core]
close_project -delete
update_ip_catalog -rebuild -repo_path c:/KDevelop/guitar-tuner/Vivado/ip_repo
INFO: [IP_Flow 19-725] Reloaded user IP repository 'c:/KDevelop/guitar-tuner/Vivado/ip_repo'
report_ip_status -name ip_status 
upgrade_ip -vlnv sfu.ca:user:custom_hps:2.2 [get_ips  design_1_custom_hps_1_0] -log ip_upgrade.log
Upgrading 'C:/KDevelop/guitar-tuner/Vivado/audio_fft/audio_fft.srcs/sources_1/bd/design_1/design_1.bd'
INFO: [IP_Flow 19-1972] Upgraded design_1_custom_hps_1_0 from custom_hps_v2.2 2.1 to custom_hps_v2.2 2.2
Wrote  : <C:\KDevelop\guitar-tuner\Vivado\audio_fft\audio_fft.srcs\sources_1\bd\design_1\design_1.bd> 
Wrote  : <C:/KDevelop/guitar-tuner/Vivado/audio_fft/audio_fft.srcs/sources_1/bd/design_1/ui/bd_1f5defd0.ui> 
INFO: [Coretcl 2-1525] Wrote upgrade log to 'C:/KDevelop/guitar-tuner/Vivado/audio_fft/ip_upgrade.log'.
export_ip_user_files -of_objects [get_ips design_1_custom_hps_1_0] -no_script -sync -force -quiet
generate_target all [get_files  C:/KDevelop/guitar-tuner/Vivado/audio_fft/audio_fft.srcs/sources_1/bd/design_1/design_1.bd]
WARNING: [BD 41-702] Propagation TCL tries to overwrite USER strength parameter C_M_AXI_S2MM_DATA_WIDTH(64) on '/ctrl/axi_dma_0' with propagated value(32). Command ignored
WARNING: [BD 41-702] Propagation TCL tries to overwrite USER strength parameter C_M_AXI_S2MM_DATA_WIDTH(64) on '/ctrl/axi_dma_0' with propagated value(32). Command ignored
WARNING: [BD 41-702] Propagation TCL tries to overwrite USER strength parameter C_M_AXI_S2MM_DATA_WIDTH(64) on '/ctrl/axi_dma_0' with propagated value(32). Command ignored
WARNING: [BD 41-702] Propagation TCL tries to overwrite USER strength parameter C_M_AXI_S2MM_DATA_WIDTH(64) on '/ctrl/axi_dma_0' with propagated value(32). Command ignored
WARNING: [BD 41-702] Propagation TCL tries to overwrite USER strength parameter C_M_AXI_S2MM_DATA_WIDTH(64) on '/ctrl/axi_dma_0' with propagated value(32). Command ignored
WARNING: [BD 41-702] Propagation TCL tries to overwrite USER strength parameter C_M_AXI_S2MM_DATA_WIDTH(64) on '/ctrl/axi_dma_0' with propagated value(32). Command ignored
WARNING: [BD 41-702] Propagation TCL tries to overwrite USER strength parameter C_M_AXI_S2MM_DATA_WIDTH(64) on '/ctrl/axi_dma_0' with propagated value(32). Command ignored
Wrote  : <C:\KDevelop\guitar-tuner\Vivado\audio_fft\audio_fft.srcs\sources_1\bd\design_1\design_1.bd> 
WARNING: [BD 41-2384] Width mismatch when connecting pin: '/ctrl/axi_interconnect_0/m00_couplers/auto_pc/m_axi_rid'(1) to pin: '/ctrl/axi_interconnect_0/m00_couplers/M_AXI_rid'(6) - Only lower order bits will be connected.
WARNING: [BD 41-2384] Width mismatch when connecting pin: '/ctrl/axi_interconnect_0/m00_couplers/auto_pc/m_axi_bid'(1) to pin: '/ctrl/axi_interconnect_0/m00_couplers/M_AXI_bid'(6) - Only lower order bits will be connected.
WARNING: [BD 41-2384] Width mismatch when connecting pin: '/processing_system7_0/S_AXI_HP0_AWID'(6) to pin: '/ctrl/M_AXI_DMA_DATA_awid'(1) - Only lower order bits will be connected.
WARNING: [BD 41-2384] Width mismatch when connecting pin: '/processing_system7_0/S_AXI_HP0_ARID'(6) to pin: '/ctrl/M_AXI_DMA_DATA_arid'(1) - Only lower order bits will be connected.
WARNING: [BD 41-2384] Width mismatch when connecting pin: '/processing_system7_0/S_AXI_HP0_WID'(6) to pin: '/ctrl/M_AXI_DMA_DATA_wid'(1) - Only lower order bits will be connected.
VHDL Output written to : C:/KDevelop/guitar-tuner/Vivado/audio_fft/audio_fft.srcs/sources_1/bd/design_1/synth/design_1.v
WARNING: [BD 41-2384] Width mismatch when connecting pin: '/ctrl/axi_interconnect_0/m00_couplers/auto_pc/m_axi_rid'(1) to pin: '/ctrl/axi_interconnect_0/m00_couplers/M_AXI_rid'(6) - Only lower order bits will be connected.
WARNING: [BD 41-2384] Width mismatch when connecting pin: '/ctrl/axi_interconnect_0/m00_couplers/auto_pc/m_axi_bid'(1) to pin: '/ctrl/axi_interconnect_0/m00_couplers/M_AXI_bid'(6) - Only lower order bits will be connected.
WARNING: [BD 41-2384] Width mismatch when connecting pin: '/processing_system7_0/S_AXI_HP0_AWID'(6) to pin: '/ctrl/M_AXI_DMA_DATA_awid'(1) - Only lower order bits will be connected.
WARNING: [BD 41-2384] Width mismatch when connecting pin: '/processing_system7_0/S_AXI_HP0_ARID'(6) to pin: '/ctrl/M_AXI_DMA_DATA_arid'(1) - Only lower order bits will be connected.
WARNING: [BD 41-2384] Width mismatch when connecting pin: '/processing_system7_0/S_AXI_HP0_WID'(6) to pin: '/ctrl/M_AXI_DMA_DATA_wid'(1) - Only lower order bits will be connected.
VHDL Output written to : C:/KDevelop/guitar-tuner/Vivado/audio_fft/audio_fft.srcs/sources_1/bd/design_1/sim/design_1.v
VHDL Output written to : C:/KDevelop/guitar-tuner/Vivado/audio_fft/audio_fft.srcs/sources_1/bd/design_1/hdl/design_1_wrapper.v
INFO: [BD 41-1029] Generation completed for the IP Integrator block custom_hps_1 .
INFO: [BD 41-1029] Generation completed for the IP Integrator block ctrl/axi_interconnect_0/m00_couplers/auto_pc .
INFO: [BD 41-1029] Generation completed for the IP Integrator block ctrl/axi_interconnect_1/s00_couplers/auto_pc .
INFO: [BD 41-1029] Generation completed for the IP Integrator block axi_interconnect_0/s00_couplers/auto_pc .
Exporting to file C:/KDevelop/guitar-tuner/Vivado/audio_fft/audio_fft.srcs/sources_1/bd/design_1/hw_handoff/design_1.hwh
Generated Block Design Tcl file C:/KDevelop/guitar-tuner/Vivado/audio_fft/audio_fft.srcs/sources_1/bd/design_1/hw_handoff/design_1_bd.tcl
Generated Hardware Definition File C:/KDevelop/guitar-tuner/Vivado/audio_fft/audio_fft.srcs/sources_1/bd/design_1/synth/design_1.hwdef
generate_target: Time (s): cpu = 00:00:15 ; elapsed = 00:00:14 . Memory (MB): peak = 2261.832 ; gain = 19.391
export_ip_user_files -of_objects [get_files C:/KDevelop/guitar-tuner/Vivado/audio_fft/audio_fft.srcs/sources_1/bd/design_1/design_1.bd] -no_script -sync -force -quiet
export_simulation -of_objects [get_files C:/KDevelop/guitar-tuner/Vivado/audio_fft/audio_fft.srcs/sources_1/bd/design_1/design_1.bd] -directory C:/KDevelop/guitar-tuner/Vivado/audio_fft/audio_fft.ip_user_files/sim_scripts -ip_user_files_dir C:/KDevelop/guitar-tuner/Vivado/audio_fft/audio_fft.ip_user_files -ipstatic_source_dir C:/KDevelop/guitar-tuner/Vivado/audio_fft/audio_fft.ip_user_files/ipstatic -lib_map_path [list {modelsim=C:/KDevelop/guitar-tuner/Vivado/audio_fft/audio_fft.cache/compile_simlib/modelsim} {questa=C:/KDevelop/guitar-tuner/Vivado/audio_fft/audio_fft.cache/compile_simlib/questa} {riviera=C:/KDevelop/guitar-tuner/Vivado/audio_fft/audio_fft.cache/compile_simlib/riviera} {activehdl=C:/KDevelop/guitar-tuner/Vivado/audio_fft/audio_fft.cache/compile_simlib/activehdl}] -use_ip_compiled_libs -force -quiet
report_ip_status -name ip_status 
reset_run synth_1
launch_runs impl_1 -to_step write_bitstream -jobs 6
[Sat Mar 11 17:14:24 2023] Launched synth_1...
Run output will be captured here: C:/KDevelop/guitar-tuner/Vivado/audio_fft/audio_fft.runs/synth_1/runme.log
[Sat Mar 11 17:14:24 2023] Launched impl_1...
Run output will be captured here: C:/KDevelop/guitar-tuner/Vivado/audio_fft/audio_fft.runs/impl_1/runme.log
write_hw_platform -fixed -include_bit -force -file C:/KDevelop/guitar-tuner/Vivado/audio_fft/design_1_wrapper.xsa
INFO: [Vivado 12-4895] Creating Hardware Platform: C:/KDevelop/guitar-tuner/Vivado/audio_fft/design_1_wrapper.xsa ...
INFO: [Hsi 55-2053] elapsed time for repository (C:/Xilinx/Vivado/2020.2/data\embeddedsw) loading 1 seconds
INFO: [Vivado 12-12467] The Hardware Platform can be used for Hardware
INFO: [Vivado 12-4896] Successfully created Hardware Platform: C:/KDevelop/guitar-tuner/Vivado/audio_fft/design_1_wrapper.xsa
write_hw_platform: Time (s): cpu = 00:00:06 ; elapsed = 00:00:05 . Memory (MB): peak = 2402.656 ; gain = 140.824
ipx::edit_ip_in_project -upgrade true -name custom_hps_v2_2_project -directory C:/KDevelop/guitar-tuner/Vivado/audio_fft/audio_fft.tmp/custom_hps_v2_2_project c:/KDevelop/guitar-tuner/Vivado/ip_repo/custom_hps_1.0/component.xml
INFO: [IP_Flow 19-234] Refreshing IP repositories
INFO: [IP_Flow 19-1704] No user IP repositories specified
INFO: [IP_Flow 19-2313] Loaded Vivado IP repository 'C:/Xilinx/Vivado/2020.2/data/ip'.
INFO: [IP_Flow 19-234] Refreshing IP repositories
INFO: [IP_Flow 19-1700] Loaded user IP repository 'c:/KDevelop/guitar-tuner/Vivado/ip_repo'.
INFO: [IP_Flow 19-795] Syncing license key meta-data
update_compile_order -fileset sources_1
ipx::merge_project_changes files [ipx::current_core]
WARNING: [IP_Flow 19-5226] Project source file 'c:/KDevelop/guitar-tuner/Vivado/ip_repo/custom_hps_1.0/component.xml' ignored by IP packager.
set_property previous_version_for_upgrade {sfu.ca:user:custom_hps:1.0 sfu.ca:user:custom_hps:2.0 sfu.ca:user:custom_hps:2.1 sfu.ca:user:custom_hps:2.2} [ipx::current_core]
set_property core_revision 1 [ipx::current_core]
ipx::create_xgui_files [ipx::current_core]
ipx::update_checksums [ipx::current_core]
ipx::check_integrity [ipx::current_core]
INFO: [IP_Flow 19-2181] Payment Required is not set for this core.
INFO: [IP_Flow 19-2187] The Product Guide file is missing.
INFO: [Ipptcl 7-1486] check_integrity: Integrity check passed.
ipx::save_core [ipx::current_core]
ipx::move_temp_component_back -component [ipx::current_core]
close_project -delete
update_ip_catalog -rebuild -repo_path c:/KDevelop/guitar-tuner/Vivado/ip_repo
INFO: [IP_Flow 19-725] Reloaded user IP repository 'c:/KDevelop/guitar-tuner/Vivado/ip_repo'
report_ip_status -name ip_status 
upgrade_ip -vlnv sfu.ca:user:custom_hps:3.0 [get_ips  design_1_custom_hps_1_0] -log ip_upgrade.log
Upgrading 'C:/KDevelop/guitar-tuner/Vivado/audio_fft/audio_fft.srcs/sources_1/bd/design_1/design_1.bd'
INFO: [IP_Flow 19-1972] Upgraded design_1_custom_hps_1_0 from custom_hps_v3.0 2.2 to custom_hps_v3.0 3.0
Wrote  : <C:\KDevelop\guitar-tuner\Vivado\audio_fft\audio_fft.srcs\sources_1\bd\design_1\design_1.bd> 
Wrote  : <C:/KDevelop/guitar-tuner/Vivado/audio_fft/audio_fft.srcs/sources_1/bd/design_1/ui/bd_1f5defd0.ui> 
INFO: [Coretcl 2-1525] Wrote upgrade log to 'C:/KDevelop/guitar-tuner/Vivado/audio_fft/ip_upgrade.log'.
export_ip_user_files -of_objects [get_ips design_1_custom_hps_1_0] -no_script -sync -force -quiet
generate_target all [get_files  C:/KDevelop/guitar-tuner/Vivado/audio_fft/audio_fft.srcs/sources_1/bd/design_1/design_1.bd]
WARNING: [BD 41-702] Propagation TCL tries to overwrite USER strength parameter C_M_AXI_S2MM_DATA_WIDTH(64) on '/ctrl/axi_dma_0' with propagated value(32). Command ignored
WARNING: [BD 41-702] Propagation TCL tries to overwrite USER strength parameter C_M_AXI_S2MM_DATA_WIDTH(64) on '/ctrl/axi_dma_0' with propagated value(32). Command ignored
WARNING: [BD 41-702] Propagation TCL tries to overwrite USER strength parameter C_M_AXI_S2MM_DATA_WIDTH(64) on '/ctrl/axi_dma_0' with propagated value(32). Command ignored
WARNING: [BD 41-702] Propagation TCL tries to overwrite USER strength parameter C_M_AXI_S2MM_DATA_WIDTH(64) on '/ctrl/axi_dma_0' with propagated value(32). Command ignored
WARNING: [BD 41-702] Propagation TCL tries to overwrite USER strength parameter C_M_AXI_S2MM_DATA_WIDTH(64) on '/ctrl/axi_dma_0' with propagated value(32). Command ignored
WARNING: [BD 41-702] Propagation TCL tries to overwrite USER strength parameter C_M_AXI_S2MM_DATA_WIDTH(64) on '/ctrl/axi_dma_0' with propagated value(32). Command ignored
WARNING: [BD 41-702] Propagation TCL tries to overwrite USER strength parameter C_M_AXI_S2MM_DATA_WIDTH(64) on '/ctrl/axi_dma_0' with propagated value(32). Command ignored
Wrote  : <C:\KDevelop\guitar-tuner\Vivado\audio_fft\audio_fft.srcs\sources_1\bd\design_1\design_1.bd> 
WARNING: [BD 41-2384] Width mismatch when connecting pin: '/ctrl/axi_interconnect_0/m00_couplers/auto_pc/m_axi_rid'(1) to pin: '/ctrl/axi_interconnect_0/m00_couplers/M_AXI_rid'(6) - Only lower order bits will be connected.
WARNING: [BD 41-2384] Width mismatch when connecting pin: '/ctrl/axi_interconnect_0/m00_couplers/auto_pc/m_axi_bid'(1) to pin: '/ctrl/axi_interconnect_0/m00_couplers/M_AXI_bid'(6) - Only lower order bits will be connected.
WARNING: [BD 41-2384] Width mismatch when connecting pin: '/processing_system7_0/S_AXI_HP0_AWID'(6) to pin: '/ctrl/M_AXI_DMA_DATA_awid'(1) - Only lower order bits will be connected.
WARNING: [BD 41-2384] Width mismatch when connecting pin: '/processing_system7_0/S_AXI_HP0_ARID'(6) to pin: '/ctrl/M_AXI_DMA_DATA_arid'(1) - Only lower order bits will be connected.
WARNING: [BD 41-2384] Width mismatch when connecting pin: '/processing_system7_0/S_AXI_HP0_WID'(6) to pin: '/ctrl/M_AXI_DMA_DATA_wid'(1) - Only lower order bits will be connected.
VHDL Output written to : C:/KDevelop/guitar-tuner/Vivado/audio_fft/audio_fft.srcs/sources_1/bd/design_1/synth/design_1.v
WARNING: [BD 41-2384] Width mismatch when connecting pin: '/ctrl/axi_interconnect_0/m00_couplers/auto_pc/m_axi_rid'(1) to pin: '/ctrl/axi_interconnect_0/m00_couplers/M_AXI_rid'(6) - Only lower order bits will be connected.
WARNING: [BD 41-2384] Width mismatch when connecting pin: '/ctrl/axi_interconnect_0/m00_couplers/auto_pc/m_axi_bid'(1) to pin: '/ctrl/axi_interconnect_0/m00_couplers/M_AXI_bid'(6) - Only lower order bits will be connected.
WARNING: [BD 41-2384] Width mismatch when connecting pin: '/processing_system7_0/S_AXI_HP0_AWID'(6) to pin: '/ctrl/M_AXI_DMA_DATA_awid'(1) - Only lower order bits will be connected.
WARNING: [BD 41-2384] Width mismatch when connecting pin: '/processing_system7_0/S_AXI_HP0_ARID'(6) to pin: '/ctrl/M_AXI_DMA_DATA_arid'(1) - Only lower order bits will be connected.
WARNING: [BD 41-2384] Width mismatch when connecting pin: '/processing_system7_0/S_AXI_HP0_WID'(6) to pin: '/ctrl/M_AXI_DMA_DATA_wid'(1) - Only lower order bits will be connected.
VHDL Output written to : C:/KDevelop/guitar-tuner/Vivado/audio_fft/audio_fft.srcs/sources_1/bd/design_1/sim/design_1.v
VHDL Output written to : C:/KDevelop/guitar-tuner/Vivado/audio_fft/audio_fft.srcs/sources_1/bd/design_1/hdl/design_1_wrapper.v
INFO: [BD 41-1029] Generation completed for the IP Integrator block custom_hps_1 .
INFO: [BD 41-1029] Generation completed for the IP Integrator block ctrl/axi_interconnect_0/m00_couplers/auto_pc .
INFO: [BD 41-1029] Generation completed for the IP Integrator block ctrl/axi_interconnect_1/s00_couplers/auto_pc .
INFO: [BD 41-1029] Generation completed for the IP Integrator block axi_interconnect_0/s00_couplers/auto_pc .
Exporting to file C:/KDevelop/guitar-tuner/Vivado/audio_fft/audio_fft.srcs/sources_1/bd/design_1/hw_handoff/design_1.hwh
Generated Block Design Tcl file C:/KDevelop/guitar-tuner/Vivado/audio_fft/audio_fft.srcs/sources_1/bd/design_1/hw_handoff/design_1_bd.tcl
Generated Hardware Definition File C:/KDevelop/guitar-tuner/Vivado/audio_fft/audio_fft.srcs/sources_1/bd/design_1/synth/design_1.hwdef
generate_target: Time (s): cpu = 00:00:14 ; elapsed = 00:00:14 . Memory (MB): peak = 2446.539 ; gain = 1.020
export_ip_user_files -of_objects [get_files C:/KDevelop/guitar-tuner/Vivado/audio_fft/audio_fft.srcs/sources_1/bd/design_1/design_1.bd] -no_script -sync -force -quiet
export_simulation -of_objects [get_files C:/KDevelop/guitar-tuner/Vivado/audio_fft/audio_fft.srcs/sources_1/bd/design_1/design_1.bd] -directory C:/KDevelop/guitar-tuner/Vivado/audio_fft/audio_fft.ip_user_files/sim_scripts -ip_user_files_dir C:/KDevelop/guitar-tuner/Vivado/audio_fft/audio_fft.ip_user_files -ipstatic_source_dir C:/KDevelop/guitar-tuner/Vivado/audio_fft/audio_fft.ip_user_files/ipstatic -lib_map_path [list {modelsim=C:/KDevelop/guitar-tuner/Vivado/audio_fft/audio_fft.cache/compile_simlib/modelsim} {questa=C:/KDevelop/guitar-tuner/Vivado/audio_fft/audio_fft.cache/compile_simlib/questa} {riviera=C:/KDevelop/guitar-tuner/Vivado/audio_fft/audio_fft.cache/compile_simlib/riviera} {activehdl=C:/KDevelop/guitar-tuner/Vivado/audio_fft/audio_fft.cache/compile_simlib/activehdl}] -use_ip_compiled_libs -force -quiet
report_ip_status -name ip_status 
reset_run synth_1
launch_runs impl_1 -to_step write_bitstream -jobs 6
[Sat Mar 11 18:40:08 2023] Launched synth_1...
Run output will be captured here: C:/KDevelop/guitar-tuner/Vivado/audio_fft/audio_fft.runs/synth_1/runme.log
[Sat Mar 11 18:40:08 2023] Launched impl_1...
Run output will be captured here: C:/KDevelop/guitar-tuner/Vivado/audio_fft/audio_fft.runs/impl_1/runme.log
ipx::edit_ip_in_project -upgrade true -name custom_hps_v3_0_project -directory C:/KDevelop/guitar-tuner/Vivado/audio_fft/audio_fft.tmp/custom_hps_v3_0_project c:/KDevelop/guitar-tuner/Vivado/ip_repo/custom_hps_1.0/component.xml
INFO: [IP_Flow 19-234] Refreshing IP repositories
INFO: [IP_Flow 19-1704] No user IP repositories specified
INFO: [IP_Flow 19-2313] Loaded Vivado IP repository 'C:/Xilinx/Vivado/2020.2/data/ip'.
INFO: [IP_Flow 19-234] Refreshing IP repositories
INFO: [IP_Flow 19-1700] Loaded user IP repository 'c:/KDevelop/guitar-tuner/Vivado/ip_repo'.
INFO: [IP_Flow 19-795] Syncing license key meta-data
update_compile_order -fileset sources_1
ipx::merge_project_changes files [ipx::current_core]
WARNING: [IP_Flow 19-5226] Project source file 'c:/KDevelop/guitar-tuner/Vivado/ip_repo/custom_hps_1.0/component.xml' ignored by IP packager.
set_property previous_version_for_upgrade {sfu.ca:user:custom_hps:1.0 sfu.ca:user:custom_hps:2.0 sfu.ca:user:custom_hps:2.1 sfu.ca:user:custom_hps:2.2 sfu.ca:user:custom_hps:3.0} [ipx::current_core]
set_property core_revision 1 [ipx::current_core]
ipx::create_xgui_files [ipx::current_core]
ipx::update_checksums [ipx::current_core]
ipx::check_integrity [ipx::current_core]
INFO: [IP_Flow 19-2181] Payment Required is not set for this core.
INFO: [IP_Flow 19-2187] The Product Guide file is missing.
INFO: [Ipptcl 7-1486] check_integrity: Integrity check passed.
ipx::save_core [ipx::current_core]
ipx::move_temp_component_back -component [ipx::current_core]
close_project -delete
update_ip_catalog -rebuild -repo_path c:/KDevelop/guitar-tuner/Vivado/ip_repo
INFO: [IP_Flow 19-725] Reloaded user IP repository 'c:/KDevelop/guitar-tuner/Vivado/ip_repo'
report_ip_status -name ip_status 
upgrade_ip -vlnv sfu.ca:user:custom_hps:3.1 [get_ips  design_1_custom_hps_1_0] -log ip_upgrade.log
Upgrading 'C:/KDevelop/guitar-tuner/Vivado/audio_fft/audio_fft.srcs/sources_1/bd/design_1/design_1.bd'
INFO: [IP_Flow 19-1972] Upgraded design_1_custom_hps_1_0 from custom_hps_v3.1 3.0 to custom_hps_v3.1 3.1
Wrote  : <C:\KDevelop\guitar-tuner\Vivado\audio_fft\audio_fft.srcs\sources_1\bd\design_1\design_1.bd> 
Wrote  : <C:/KDevelop/guitar-tuner/Vivado/audio_fft/audio_fft.srcs/sources_1/bd/design_1/ui/bd_1f5defd0.ui> 
INFO: [Coretcl 2-1525] Wrote upgrade log to 'C:/KDevelop/guitar-tuner/Vivado/audio_fft/ip_upgrade.log'.
export_ip_user_files -of_objects [get_ips design_1_custom_hps_1_0] -no_script -sync -force -quiet
generate_target all [get_files  C:/KDevelop/guitar-tuner/Vivado/audio_fft/audio_fft.srcs/sources_1/bd/design_1/design_1.bd]
WARNING: [BD 41-702] Propagation TCL tries to overwrite USER strength parameter C_M_AXI_S2MM_DATA_WIDTH(64) on '/ctrl/axi_dma_0' with propagated value(32). Command ignored
WARNING: [BD 41-702] Propagation TCL tries to overwrite USER strength parameter C_M_AXI_S2MM_DATA_WIDTH(64) on '/ctrl/axi_dma_0' with propagated value(32). Command ignored
WARNING: [BD 41-702] Propagation TCL tries to overwrite USER strength parameter C_M_AXI_S2MM_DATA_WIDTH(64) on '/ctrl/axi_dma_0' with propagated value(32). Command ignored
WARNING: [BD 41-702] Propagation TCL tries to overwrite USER strength parameter C_M_AXI_S2MM_DATA_WIDTH(64) on '/ctrl/axi_dma_0' with propagated value(32). Command ignored
WARNING: [BD 41-702] Propagation TCL tries to overwrite USER strength parameter C_M_AXI_S2MM_DATA_WIDTH(64) on '/ctrl/axi_dma_0' with propagated value(32). Command ignored
WARNING: [BD 41-702] Propagation TCL tries to overwrite USER strength parameter C_M_AXI_S2MM_DATA_WIDTH(64) on '/ctrl/axi_dma_0' with propagated value(32). Command ignored
WARNING: [BD 41-702] Propagation TCL tries to overwrite USER strength parameter C_M_AXI_S2MM_DATA_WIDTH(64) on '/ctrl/axi_dma_0' with propagated value(32). Command ignored
Wrote  : <C:\KDevelop\guitar-tuner\Vivado\audio_fft\audio_fft.srcs\sources_1\bd\design_1\design_1.bd> 
WARNING: [BD 41-2384] Width mismatch when connecting pin: '/ctrl/axi_interconnect_0/m00_couplers/auto_pc/m_axi_rid'(1) to pin: '/ctrl/axi_interconnect_0/m00_couplers/M_AXI_rid'(6) - Only lower order bits will be connected.
WARNING: [BD 41-2384] Width mismatch when connecting pin: '/ctrl/axi_interconnect_0/m00_couplers/auto_pc/m_axi_bid'(1) to pin: '/ctrl/axi_interconnect_0/m00_couplers/M_AXI_bid'(6) - Only lower order bits will be connected.
WARNING: [BD 41-2384] Width mismatch when connecting pin: '/processing_system7_0/S_AXI_HP0_AWID'(6) to pin: '/ctrl/M_AXI_DMA_DATA_awid'(1) - Only lower order bits will be connected.
WARNING: [BD 41-2384] Width mismatch when connecting pin: '/processing_system7_0/S_AXI_HP0_ARID'(6) to pin: '/ctrl/M_AXI_DMA_DATA_arid'(1) - Only lower order bits will be connected.
WARNING: [BD 41-2384] Width mismatch when connecting pin: '/processing_system7_0/S_AXI_HP0_WID'(6) to pin: '/ctrl/M_AXI_DMA_DATA_wid'(1) - Only lower order bits will be connected.
VHDL Output written to : C:/KDevelop/guitar-tuner/Vivado/audio_fft/audio_fft.srcs/sources_1/bd/design_1/synth/design_1.v
WARNING: [BD 41-2384] Width mismatch when connecting pin: '/ctrl/axi_interconnect_0/m00_couplers/auto_pc/m_axi_rid'(1) to pin: '/ctrl/axi_interconnect_0/m00_couplers/M_AXI_rid'(6) - Only lower order bits will be connected.
WARNING: [BD 41-2384] Width mismatch when connecting pin: '/ctrl/axi_interconnect_0/m00_couplers/auto_pc/m_axi_bid'(1) to pin: '/ctrl/axi_interconnect_0/m00_couplers/M_AXI_bid'(6) - Only lower order bits will be connected.
WARNING: [BD 41-2384] Width mismatch when connecting pin: '/processing_system7_0/S_AXI_HP0_AWID'(6) to pin: '/ctrl/M_AXI_DMA_DATA_awid'(1) - Only lower order bits will be connected.
WARNING: [BD 41-2384] Width mismatch when connecting pin: '/processing_system7_0/S_AXI_HP0_ARID'(6) to pin: '/ctrl/M_AXI_DMA_DATA_arid'(1) - Only lower order bits will be connected.
WARNING: [BD 41-2384] Width mismatch when connecting pin: '/processing_system7_0/S_AXI_HP0_WID'(6) to pin: '/ctrl/M_AXI_DMA_DATA_wid'(1) - Only lower order bits will be connected.
VHDL Output written to : C:/KDevelop/guitar-tuner/Vivado/audio_fft/audio_fft.srcs/sources_1/bd/design_1/sim/design_1.v
VHDL Output written to : C:/KDevelop/guitar-tuner/Vivado/audio_fft/audio_fft.srcs/sources_1/bd/design_1/hdl/design_1_wrapper.v
INFO: [BD 41-1029] Generation completed for the IP Integrator block custom_hps_1 .
INFO: [BD 41-1029] Generation completed for the IP Integrator block ctrl/axi_interconnect_0/m00_couplers/auto_pc .
INFO: [BD 41-1029] Generation completed for the IP Integrator block ctrl/axi_interconnect_1/s00_couplers/auto_pc .
INFO: [BD 41-1029] Generation completed for the IP Integrator block axi_interconnect_0/s00_couplers/auto_pc .
Exporting to file C:/KDevelop/guitar-tuner/Vivado/audio_fft/audio_fft.srcs/sources_1/bd/design_1/hw_handoff/design_1.hwh
Generated Block Design Tcl file C:/KDevelop/guitar-tuner/Vivado/audio_fft/audio_fft.srcs/sources_1/bd/design_1/hw_handoff/design_1_bd.tcl
Generated Hardware Definition File C:/KDevelop/guitar-tuner/Vivado/audio_fft/audio_fft.srcs/sources_1/bd/design_1/synth/design_1.hwdef
generate_target: Time (s): cpu = 00:00:15 ; elapsed = 00:00:15 . Memory (MB): peak = 2466.676 ; gain = 0.000
export_ip_user_files -of_objects [get_files C:/KDevelop/guitar-tuner/Vivado/audio_fft/audio_fft.srcs/sources_1/bd/design_1/design_1.bd] -no_script -sync -force -quiet
export_simulation -of_objects [get_files C:/KDevelop/guitar-tuner/Vivado/audio_fft/audio_fft.srcs/sources_1/bd/design_1/design_1.bd] -directory C:/KDevelop/guitar-tuner/Vivado/audio_fft/audio_fft.ip_user_files/sim_scripts -ip_user_files_dir C:/KDevelop/guitar-tuner/Vivado/audio_fft/audio_fft.ip_user_files -ipstatic_source_dir C:/KDevelop/guitar-tuner/Vivado/audio_fft/audio_fft.ip_user_files/ipstatic -lib_map_path [list {modelsim=C:/KDevelop/guitar-tuner/Vivado/audio_fft/audio_fft.cache/compile_simlib/modelsim} {questa=C:/KDevelop/guitar-tuner/Vivado/audio_fft/audio_fft.cache/compile_simlib/questa} {riviera=C:/KDevelop/guitar-tuner/Vivado/audio_fft/audio_fft.cache/compile_simlib/riviera} {activehdl=C:/KDevelop/guitar-tuner/Vivado/audio_fft/audio_fft.cache/compile_simlib/activehdl}] -use_ip_compiled_libs -force -quiet
report_ip_status -name ip_status 
reset_run synth_1
launch_runs impl_1 -to_step write_bitstream -jobs 6
[Sat Mar 11 19:05:34 2023] Launched synth_1...
Run output will be captured here: C:/KDevelop/guitar-tuner/Vivado/audio_fft/audio_fft.runs/synth_1/runme.log
[Sat Mar 11 19:05:34 2023] Launched impl_1...
Run output will be captured here: C:/KDevelop/guitar-tuner/Vivado/audio_fft/audio_fft.runs/impl_1/runme.log
write_hw_platform -fixed -include_bit -force -file C:/KDevelop/guitar-tuner/Vivado/audio_fft/design_1_wrapper.xsa
INFO: [Vivado 12-4895] Creating Hardware Platform: C:/KDevelop/guitar-tuner/Vivado/audio_fft/design_1_wrapper.xsa ...
INFO: [Vivado 12-12467] The Hardware Platform can be used for Hardware
INFO: [Vivado 12-4896] Successfully created Hardware Platform: C:/KDevelop/guitar-tuner/Vivado/audio_fft/design_1_wrapper.xsa
write_hw_platform: Time (s): cpu = 00:00:07 ; elapsed = 00:00:06 . Memory (MB): peak = 2545.406 ; gain = 78.730
exit
INFO: [Common 17-206] Exiting Vivado at Sat Mar 11 22:12:21 2023...
