#-----------------------------------------------------------
# Vivado v2020.2 (64-bit)
# SW Build 3064766 on Wed Nov 18 09:12:45 MST 2020
# IP Build 3064653 on Wed Nov 18 14:17:31 MST 2020
# Start of session at: Wed Mar 22 11:09:15 2023
# Process ID: 14028
# Current directory: C:/KDevelop/guitar-tuner/Vivado/audio_fft
# Command line: vivado.exe -gui_launcher_event rodinguilauncherevent11628 C:\KDevelop\guitar-tuner\Vivado\audio_fft\audio_fft.xpr
# Log file: C:/KDevelop/guitar-tuner/Vivado/audio_fft/vivado.log
# Journal file: C:/KDevelop/guitar-tuner/Vivado/audio_fft\vivado.jou
#-----------------------------------------------------------
start_gui
open_project C:/KDevelop/guitar-tuner/Vivado/audio_fft/audio_fft.xpr
Scanning sources...
Finished scanning sources
INFO: [IP_Flow 19-234] Refreshing IP repositories
INFO: [IP_Flow 19-1700] Loaded user IP repository 'c:/KDevelop/guitar-tuner/Vivado/ip_repo'.
INFO: [IP_Flow 19-2313] Loaded Vivado IP repository 'C:/Xilinx/Vivado/2020.2/data/ip'.
open_project: Time (s): cpu = 00:00:16 ; elapsed = 00:00:13 . Memory (MB): peak = 1113.520 ; gain = 9.293
open_bd_design {C:/KDevelop/guitar-tuner/Vivado/audio_fft/audio_fft.srcs/sources_1/bd/design_1/design_1.bd}
Reading block design file <C:/KDevelop/guitar-tuner/Vivado/audio_fft/audio_fft.srcs/sources_1/bd/design_1/design_1.bd>...
Adding component instance block -- xilinx.com:ip:xfft:9.1 - xfft_0
Adding component instance block -- xilinx.com:user:edge_detect:1.0 - edge_detect_0
Adding component instance block -- xilinx.com:ip:axi_dma:7.1 - axi_dma_0
WARNING: [BD 41-1282] Ignoring parameter HAS_BURST
WARNING: [BD 41-1281] Parameter HAS_BURST is not defined on /ctrl/axi_dma_0/M_AXIS_MM2S. Setting parameter on /ctrl/axi_dma_0/M_AXIS_MM2S failed
Adding component instance block -- xilinx.com:ip:axi_gpio:2.0 - axi_gpio_0
Adding component instance block -- xilinx.com:ip:axi_interconnect:2.1 - axi_interconnect_0
Adding component instance block -- xilinx.com:ip:axi_crossbar:2.1 - xbar
Adding component instance block -- xilinx.com:ip:axi_protocol_converter:2.1 - auto_pc
Adding component instance block -- xilinx.com:ip:axi_interconnect:2.1 - axi_interconnect_1
Adding component instance block -- xilinx.com:ip:axi_crossbar:2.1 - xbar
Adding component instance block -- xilinx.com:ip:axi_protocol_converter:2.1 - auto_pc
Adding component instance block -- xilinx.com:ip:proc_sys_reset:5.0 - proc_sys_reset_0
Adding component instance block -- xilinx.com:ip:xlconcat:2.1 - xlconcat_0
Adding component instance block -- xilinx.com:ip:processing_system7:5.5 - processing_system7_0
Adding component instance block -- xilinx.com:ip:axi_interconnect:2.1 - axi_interconnect_0
Adding component instance block -- xilinx.com:ip:axi_crossbar:2.1 - xbar
Adding component instance block -- xilinx.com:ip:axi_protocol_converter:2.1 - auto_pc
Adding component instance block -- xilinx.com:ip:proc_sys_reset:5.0 - proc_sys_reset_0
Adding component instance block -- sfu.ca:user:custom_hps:4.0 - custom_hps_1
Adding component instance block -- xilinx.com:user:zed_audio_ctrl:1.0 - zed_audio_ctrl_0
Adding component instance block -- xilinx.com:ip:axi_gpio:2.0 - axi_gpio_0
Successfully read diagram <design_1> from block design file <C:/KDevelop/guitar-tuner/Vivado/audio_fft/audio_fft.srcs/sources_1/bd/design_1/design_1.bd>
open_bd_design: Time (s): cpu = 00:00:17 ; elapsed = 00:00:13 . Memory (MB): peak = 1321.961 ; gain = 170.496
update_compile_order -fileset sources_1
INFO: [Vivado 12-8231] Launching Vitis
INFO: [Vivado 12-417] Running vitis
INFO: [Vivado 12-8232] Vitis launch initiated. Please check console for any further messages.
set_property name axi_gpio_1 [get_bd_cells axi_gpio_0]
save_bd_design
Wrote  : <C:\KDevelop\guitar-tuner\Vivado\audio_fft\audio_fft.srcs\sources_1\bd\design_1\design_1.bd> 
Wrote  : <C:/KDevelop/guitar-tuner/Vivado/audio_fft/audio_fft.srcs/sources_1/bd/design_1/ui/bd_1f5defd0.ui> 
reset_run synth_1
launch_runs impl_1 -to_step write_bitstream -jobs 6
WARNING: [BD 41-702] Propagation TCL tries to overwrite USER strength parameter C_M_AXI_S2MM_DATA_WIDTH(64) on '/ctrl/axi_dma_0' with propagated value(32). Command ignored
WARNING: [BD 41-702] Propagation TCL tries to overwrite USER strength parameter C_M_AXI_S2MM_DATA_WIDTH(64) on '/ctrl/axi_dma_0' with propagated value(32). Command ignored
WARNING: [BD 41-702] Propagation TCL tries to overwrite USER strength parameter C_M_AXI_S2MM_DATA_WIDTH(64) on '/ctrl/axi_dma_0' with propagated value(32). Command ignored
WARNING: [BD 41-702] Propagation TCL tries to overwrite USER strength parameter C_M_AXI_S2MM_DATA_WIDTH(64) on '/ctrl/axi_dma_0' with propagated value(32). Command ignored
WARNING: [BD 41-702] Propagation TCL tries to overwrite USER strength parameter C_M_AXI_S2MM_DATA_WIDTH(64) on '/ctrl/axi_dma_0' with propagated value(32). Command ignored
WARNING: [BD 41-702] Propagation TCL tries to overwrite USER strength parameter C_M_AXI_S2MM_DATA_WIDTH(64) on '/ctrl/axi_dma_0' with propagated value(32). Command ignored
WARNING: [BD 41-702] Propagation TCL tries to overwrite USER strength parameter C_M_AXI_S2MM_DATA_WIDTH(64) on '/ctrl/axi_dma_0' with propagated value(32). Command ignored
Wrote  : <C:\KDevelop\guitar-tuner\Vivado\audio_fft\audio_fft.srcs\sources_1\bd\design_1\design_1.bd> 
Wrote  : <C:/KDevelop/guitar-tuner/Vivado/audio_fft/audio_fft.srcs/sources_1/bd/design_1/ui/bd_1f5defd0.ui> 
WARNING: [BD 41-2384] Width mismatch when connecting pin: '/ctrl/axi_interconnect_0/m00_couplers/auto_pc/m_axi_rid'(1) to pin: '/ctrl/axi_interconnect_0/m00_couplers/M_AXI_rid'(6) - Only lower order bits will be connected.
WARNING: [BD 41-2384] Width mismatch when connecting pin: '/ctrl/axi_interconnect_0/m00_couplers/auto_pc/m_axi_bid'(1) to pin: '/ctrl/axi_interconnect_0/m00_couplers/M_AXI_bid'(6) - Only lower order bits will be connected.
WARNING: [BD 41-2384] Width mismatch when connecting pin: '/processing_system7_0/S_AXI_HP0_AWID'(6) to pin: '/ctrl/M_AXI_DMA_DATA_awid'(1) - Only lower order bits will be connected.
WARNING: [BD 41-2384] Width mismatch when connecting pin: '/processing_system7_0/S_AXI_HP0_ARID'(6) to pin: '/ctrl/M_AXI_DMA_DATA_arid'(1) - Only lower order bits will be connected.
WARNING: [BD 41-2384] Width mismatch when connecting pin: '/processing_system7_0/S_AXI_HP0_WID'(6) to pin: '/ctrl/M_AXI_DMA_DATA_wid'(1) - Only lower order bits will be connected.
VHDL Output written to : C:/KDevelop/guitar-tuner/Vivado/audio_fft/audio_fft.srcs/sources_1/bd/design_1/synth/design_1.vhd
WARNING: [BD 41-2384] Width mismatch when connecting pin: '/ctrl/axi_interconnect_0/m00_couplers/auto_pc/m_axi_rid'(1) to pin: '/ctrl/axi_interconnect_0/m00_couplers/M_AXI_rid'(6) - Only lower order bits will be connected.
WARNING: [BD 41-2384] Width mismatch when connecting pin: '/ctrl/axi_interconnect_0/m00_couplers/auto_pc/m_axi_bid'(1) to pin: '/ctrl/axi_interconnect_0/m00_couplers/M_AXI_bid'(6) - Only lower order bits will be connected.
WARNING: [BD 41-2384] Width mismatch when connecting pin: '/processing_system7_0/S_AXI_HP0_AWID'(6) to pin: '/ctrl/M_AXI_DMA_DATA_awid'(1) - Only lower order bits will be connected.
WARNING: [BD 41-2384] Width mismatch when connecting pin: '/processing_system7_0/S_AXI_HP0_ARID'(6) to pin: '/ctrl/M_AXI_DMA_DATA_arid'(1) - Only lower order bits will be connected.
WARNING: [BD 41-2384] Width mismatch when connecting pin: '/processing_system7_0/S_AXI_HP0_WID'(6) to pin: '/ctrl/M_AXI_DMA_DATA_wid'(1) - Only lower order bits will be connected.
VHDL Output written to : C:/KDevelop/guitar-tuner/Vivado/audio_fft/audio_fft.srcs/sources_1/bd/design_1/sim/design_1.vhd
VHDL Output written to : C:/KDevelop/guitar-tuner/Vivado/audio_fft/audio_fft.srcs/sources_1/bd/design_1/hdl/design_1_wrapper.vhd
INFO: [BD 41-1029] Generation completed for the IP Integrator block ctrl/axi_interconnect_0/m00_couplers/auto_pc .
INFO: [BD 41-1029] Generation completed for the IP Integrator block ctrl/axi_interconnect_1/s00_couplers/auto_pc .
INFO: [BD 41-1029] Generation completed for the IP Integrator block axi_interconnect_0/s00_couplers/auto_pc .
Exporting to file C:/KDevelop/guitar-tuner/Vivado/audio_fft/audio_fft.srcs/sources_1/bd/design_1/hw_handoff/design_1.hwh
Generated Block Design Tcl file C:/KDevelop/guitar-tuner/Vivado/audio_fft/audio_fft.srcs/sources_1/bd/design_1/hw_handoff/design_1_bd.tcl
Generated Hardware Definition File C:/KDevelop/guitar-tuner/Vivado/audio_fft/audio_fft.srcs/sources_1/bd/design_1/synth/design_1.hwdef
[Wed Mar 22 12:54:09 2023] Launched synth_1...
Run output will be captured here: C:/KDevelop/guitar-tuner/Vivado/audio_fft/audio_fft.runs/synth_1/runme.log
[Wed Mar 22 12:54:09 2023] Launched impl_1...
Run output will be captured here: C:/KDevelop/guitar-tuner/Vivado/audio_fft/audio_fft.runs/impl_1/runme.log
launch_runs: Time (s): cpu = 00:00:26 ; elapsed = 00:00:32 . Memory (MB): peak = 1729.137 ; gain = 166.953
write_hw_platform -fixed -include_bit -force -file C:/KDevelop/guitar-tuner/Vivado/audio_fft/design_1_wrapper.xsa
INFO: [Vivado 12-4895] Creating Hardware Platform: C:/KDevelop/guitar-tuner/Vivado/audio_fft/design_1_wrapper.xsa ...
INFO: [Hsi 55-2053] elapsed time for repository (C:/Xilinx/Vivado/2020.2/data\embeddedsw) loading 1 seconds
INFO: [Vivado 12-12467] The Hardware Platform can be used for Hardware
INFO: [Vivado 12-4896] Successfully created Hardware Platform: C:/KDevelop/guitar-tuner/Vivado/audio_fft/design_1_wrapper.xsa
write_hw_platform: Time (s): cpu = 00:00:06 ; elapsed = 00:00:06 . Memory (MB): peak = 1918.695 ; gain = 183.695
exit
INFO: [Common 17-206] Exiting Vivado at Wed Mar 22 17:38:43 2023...
