#-----------------------------------------------------------
# Vivado v2020.2 (64-bit)
# SW Build 3064766 on Wed Nov 18 09:12:45 MST 2020
# IP Build 3064653 on Wed Nov 18 14:17:31 MST 2020
# Start of session at: Mon Mar 13 16:37:02 2023
# Process ID: 5928
# Current directory: C:/Users/kgrantma/Downloads/M5/guitar-tuner-main/Vivado/audio_fft
# Command line: vivado.exe -gui_launcher_event rodinguilauncherevent27588 C:\Users\kgrantma\Downloads\M5\guitar-tuner-main\Vivado\audio_fft\audio_fft.xpr
# Log file: C:/Users/kgrantma/Downloads/M5/guitar-tuner-main/Vivado/audio_fft/vivado.log
# Journal file: C:/Users/kgrantma/Downloads/M5/guitar-tuner-main/Vivado/audio_fft\vivado.jou
#-----------------------------------------------------------
start_gui
open_project C:/Users/kgrantma/Downloads/M5/guitar-tuner-main/Vivado/audio_fft/audio_fft.xpr
INFO: [Project 1-313] Project file moved from 'C:/KDevelop/guitar-tuner/Vivado/audio_fft' since last save.
Scanning sources...
Finished scanning sources
INFO: [IP_Flow 19-234] Refreshing IP repositories
INFO: [IP_Flow 19-1700] Loaded user IP repository 'c:/Users/kgrantma/Downloads/M5/guitar-tuner-main/Vivado/ip_repo'.
INFO: [IP_Flow 19-2313] Loaded Vivado IP repository 'C:/Xilinx/Vivado/2020.2/data/ip'.
open_project: Time (s): cpu = 00:00:14 ; elapsed = 00:00:07 . Memory (MB): peak = 1126.449 ; gain = 0.000
update_compile_order -fileset sources_1
open_bd_design {C:/Users/kgrantma/Downloads/M5/guitar-tuner-main/Vivado/audio_fft/audio_fft.srcs/sources_1/bd/design_1/design_1.bd}
Reading block design file <C:/Users/kgrantma/Downloads/M5/guitar-tuner-main/Vivado/audio_fft/audio_fft.srcs/sources_1/bd/design_1/design_1.bd>...
Adding component instance block -- xilinx.com:ip:xfft:9.1 - xfft_0
Adding component instance block -- xilinx.com:user:edge_detect:1.0 - edge_detect_0
Adding component instance block -- xilinx.com:ip:axi_dma:7.1 - axi_dma_0
Adding component instance block -- xilinx.com:ip:axi_gpio:2.0 - axi_gpio_0
Adding component instance block -- xilinx.com:ip:axi_interconnect:2.1 - axi_interconnect_0
Adding component instance block -- xilinx.com:ip:axi_crossbar:2.1 - xbar
Adding component instance block -- xilinx.com:ip:axi_protocol_converter:2.1 - auto_pc
Adding component instance block -- xilinx.com:ip:axi_interconnect:2.1 - axi_interconnect_1
Adding component instance block -- xilinx.com:ip:axi_crossbar:2.1 - xbar
Adding component instance block -- xilinx.com:ip:axi_protocol_converter:2.1 - auto_pc
Adding component instance block -- xilinx.com:ip:proc_sys_reset:5.0 - proc_sys_reset_0
Adding component instance block -- xilinx.com:ip:xlconcat:2.1 - xlconcat_0
Adding component instance block -- xilinx.com:ip:processing_system7:5.5 - processing_system7_0
Adding component instance block -- xilinx.com:ip:axi_interconnect:2.1 - axi_interconnect_0
Adding component instance block -- xilinx.com:ip:axi_protocol_converter:2.1 - auto_pc
Adding component instance block -- xilinx.com:ip:proc_sys_reset:5.0 - proc_sys_reset_0
Adding component instance block -- sfu.ca:user:custom_hps:4.0 - custom_hps_1
Successfully read diagram <design_1> from block design file <C:/Users/kgrantma/Downloads/M5/guitar-tuner-main/Vivado/audio_fft/audio_fft.srcs/sources_1/bd/design_1/design_1.bd>
open_bd_design: Time (s): cpu = 00:00:09 ; elapsed = 00:00:08 . Memory (MB): peak = 1253.625 ; gain = 126.621
update_ip_catalog -rebuild
INFO: [IP_Flow 19-234] Refreshing IP repositories
INFO: [IP_Flow 19-1700] Loaded user IP repository 'c:/Users/kgrantma/Downloads/M5/guitar-tuner-main/Vivado/ip_repo'.
startgroup
create_bd_cell -type ip -vlnv xilinx.com:user:zed_audio_ctrl:1.0 zed_audio_ctrl_0
endgroup
startgroup
set_property -dict [list CONFIG.NUM_MI {2}] [get_bd_cells axi_interconnect_0]
endgroup
set_property location {5 1902 365} [get_bd_cells zed_audio_ctrl_0]
connect_bd_intf_net [get_bd_intf_pins zed_audio_ctrl_0/S_AXI] -boundary_type upper [get_bd_intf_pins axi_interconnect_0/M01_AXI]
CRITICAL WARNING: [PSU-1]  Parameter : PCW_UIPARAM_DDR_DQS_TO_CLK_DELAY_2 has negative value -0.009 . PS DDR interfaces might fail when entering negative DQS skew values. 
CRITICAL WARNING: [PSU-2]  Parameter : PCW_UIPARAM_DDR_DQS_TO_CLK_DELAY_3 has negative value -0.061 . PS DDR interfaces might fail when entering negative DQS skew values. 
CRITICAL WARNING: [PSU-1]  Parameter : PCW_UIPARAM_DDR_DQS_TO_CLK_DELAY_2 has negative value -0.009 . PS DDR interfaces might fail when entering negative DQS skew values. 
CRITICAL WARNING: [PSU-2]  Parameter : PCW_UIPARAM_DDR_DQS_TO_CLK_DELAY_3 has negative value -0.061 . PS DDR interfaces might fail when entering negative DQS skew values. 
WARNING: [IP_Flow 19-474] Invalid Parameter 'Component_Name'
CRITICAL WARNING: [PSU-1]  Parameter : PCW_UIPARAM_DDR_DQS_TO_CLK_DELAY_2 has negative value -0.009 . PS DDR interfaces might fail when entering negative DQS skew values. 
CRITICAL WARNING: [PSU-2]  Parameter : PCW_UIPARAM_DDR_DQS_TO_CLK_DELAY_3 has negative value -0.061 . PS DDR interfaces might fail when entering negative DQS skew values. 
CRITICAL WARNING: [PSU-1]  Parameter : PCW_UIPARAM_DDR_DQS_TO_CLK_DELAY_2 has negative value -0.009 . PS DDR interfaces might fail when entering negative DQS skew values. 
CRITICAL WARNING: [PSU-2]  Parameter : PCW_UIPARAM_DDR_DQS_TO_CLK_DELAY_3 has negative value -0.061 . PS DDR interfaces might fail when entering negative DQS skew values. 
CRITICAL WARNING: [PSU-1]  Parameter : PCW_UIPARAM_DDR_DQS_TO_CLK_DELAY_2 has negative value -0.009 . PS DDR interfaces might fail when entering negative DQS skew values. 
CRITICAL WARNING: [PSU-2]  Parameter : PCW_UIPARAM_DDR_DQS_TO_CLK_DELAY_3 has negative value -0.061 . PS DDR interfaces might fail when entering negative DQS skew values. 
CRITICAL WARNING: [PSU-1]  Parameter : PCW_UIPARAM_DDR_DQS_TO_CLK_DELAY_2 has negative value -0.009 . PS DDR interfaces might fail when entering negative DQS skew values. 
CRITICAL WARNING: [PSU-2]  Parameter : PCW_UIPARAM_DDR_DQS_TO_CLK_DELAY_3 has negative value -0.061 . PS DDR interfaces might fail when entering negative DQS skew values. 
startgroup
set_property -dict [list CONFIG.PCW_FPGA1_PERIPHERAL_FREQMHZ {10} CONFIG.PCW_EN_CLK1_PORT {1} CONFIG.PCW_QSPI_GRP_SINGLE_SS_ENABLE {1} CONFIG.PCW_I2C0_PERIPHERAL_ENABLE {1}] [get_bd_cells processing_system7_0]
CRITICAL WARNING: [PSU-1]  Parameter : PCW_UIPARAM_DDR_DQS_TO_CLK_DELAY_2 has negative value -0.009 . PS DDR interfaces might fail when entering negative DQS skew values. 
CRITICAL WARNING: [PSU-2]  Parameter : PCW_UIPARAM_DDR_DQS_TO_CLK_DELAY_3 has negative value -0.061 . PS DDR interfaces might fail when entering negative DQS skew values. 
endgroup
startgroup
make_bd_pins_external  [get_bd_pins processing_system7_0/FCLK_CLK1]
make_bd_intf_pins_external  [get_bd_intf_pins processing_system7_0/IIC_0]
endgroup
startgroup
create_bd_cell -type ip -vlnv xilinx.com:ip:axi_gpio:2.0 axi_gpio_0
endgroup
set_property -dict [list CONFIG.C_GPIO_WIDTH {2}] [get_bd_cells axi_gpio_0]
startgroup
make_bd_intf_pins_external  [get_bd_intf_pins axi_gpio_0/GPIO]
endgroup
assign_bd_address -target_address_space /processing_system7_0/Data [get_bd_addr_segs zed_audio_ctrl_0/S_AXI/reg0] -force
Slave segment '/zed_audio_ctrl_0/S_AXI/reg0' is being assigned into address space '/processing_system7_0/Data' at <0x83C1_0000 [ 64K ]>.
set_property range 16K [get_bd_addr_segs {processing_system7_0/Data/SEG_zed_audio_ctrl_0_reg0}]
startgroup
set_property -dict [list CONFIG.NUM_MI {3}] [get_bd_cells axi_interconnect_0]
endgroup
connect_bd_intf_net [get_bd_intf_pins axi_gpio_0/S_AXI] -boundary_type upper [get_bd_intf_pins axi_interconnect_0/M02_AXI]
connect_bd_net [get_bd_pins axi_gpio_0/s_axi_aclk] [get_bd_pins processing_system7_0/FCLK_CLK0]
connect_bd_net [get_bd_pins zed_audio_ctrl_0/S_AXI_ACLK] [get_bd_pins processing_system7_0/FCLK_CLK0]
startgroup
make_bd_pins_external  [get_bd_pins zed_audio_ctrl_0/SDATA_I]
endgroup
startgroup
connect_bd_net [get_bd_pins zed_audio_ctrl_0/S_AXI_ARESETN] [get_bd_pins proc_sys_reset_0/peripheral_aresetn]
endgroup
connect_bd_net [get_bd_pins axi_gpio_0/s_axi_aresetn] [get_bd_pins proc_sys_reset_0/peripheral_aresetn]
startgroup
make_bd_pins_external  [get_bd_pins zed_audio_ctrl_0/LRCLK] [get_bd_pins zed_audio_ctrl_0/BCLK] [get_bd_pins zed_audio_ctrl_0/SDATA_O]
endgroup
connect_bd_net [get_bd_pins axi_interconnect_0/M01_ACLK] [get_bd_pins processing_system7_0/FCLK_CLK0]
connect_bd_net [get_bd_pins axi_interconnect_0/M02_ACLK] [get_bd_pins processing_system7_0/FCLK_CLK0]
connect_bd_net [get_bd_pins axi_interconnect_0/M01_ARESETN] [get_bd_pins proc_sys_reset_0/peripheral_aresetn]
connect_bd_net [get_bd_pins axi_interconnect_0/M02_ARESETN] [get_bd_pins proc_sys_reset_0/peripheral_aresetn]
regenerate_bd_layout
assign_bd_address -target_address_space /processing_system7_0/Data [get_bd_addr_segs axi_gpio_0/S_AXI/Reg] -force
Slave segment '/axi_gpio_0/S_AXI/Reg' is being assigned into address space '/processing_system7_0/Data' at <0x8120_0000 [ 64K ]>.
add_files -fileset constrs_1 -norecurse C:/Users/kgrantma/guitar-tuner-audio_fft_hps/Vivado/sources/zedboard/adventures_with_ip_integrator/constraints/adventures_with_ip.xdc
set_property name SDATA_O [get_bd_ports SDATA_O_0]
set_property name LRCLK [get_bd_ports LRCLK_0]
set_property name BCLK [get_bd_ports BCLK_0]
set_property name GPIO [get_bd_intf_ports GPIO_0]
set_property name SDATA_I [get_bd_ports SDATA_I_0]
set_property name FCLK_CLK1 [get_bd_ports FCLK_CLK1_0]
set_property name IIC_0 [get_bd_intf_ports IIC_0_0]
save_bd_design
Wrote  : <C:\Users\kgrantma\Downloads\M5\guitar-tuner-main\Vivado\audio_fft\audio_fft.srcs\sources_1\bd\design_1\design_1.bd> 
Wrote  : <C:/Users/kgrantma/Downloads/M5/guitar-tuner-main/Vivado/audio_fft/audio_fft.srcs/sources_1/bd/design_1/ui/bd_1f5defd0.ui> 
export_ip_user_files -of_objects  [get_files C:/Users/kgrantma/Downloads/M5/guitar-tuner-main/Vivado/audio_fft/audio_fft.srcs/sources_1/bd/design_1/hdl/design_1_wrapper.v] -no_script -reset -force -quiet
remove_files  C:/Users/kgrantma/Downloads/M5/guitar-tuner-main/Vivado/audio_fft/audio_fft.srcs/sources_1/bd/design_1/hdl/design_1_wrapper.v
file delete -force C:/Users/kgrantma/Downloads/M5/guitar-tuner-main/Vivado/audio_fft/audio_fft.srcs/sources_1/bd/design_1/hdl/design_1_wrapper.v
make_wrapper -files [get_files C:/Users/kgrantma/Downloads/M5/guitar-tuner-main/Vivado/audio_fft/audio_fft.srcs/sources_1/bd/design_1/design_1.bd] -top
WARNING: [BD 41-702] Propagation TCL tries to overwrite USER strength parameter C_M_AXI_S2MM_DATA_WIDTH(64) on '/ctrl/axi_dma_0' with propagated value(32). Command ignored
WARNING: [BD 41-702] Propagation TCL tries to overwrite USER strength parameter C_M_AXI_S2MM_DATA_WIDTH(64) on '/ctrl/axi_dma_0' with propagated value(32). Command ignored
WARNING: [BD 41-702] Propagation TCL tries to overwrite USER strength parameter C_M_AXI_S2MM_DATA_WIDTH(64) on '/ctrl/axi_dma_0' with propagated value(32). Command ignored
WARNING: [BD 41-702] Propagation TCL tries to overwrite USER strength parameter C_M_AXI_S2MM_DATA_WIDTH(64) on '/ctrl/axi_dma_0' with propagated value(32). Command ignored
WARNING: [BD 41-702] Propagation TCL tries to overwrite USER strength parameter C_M_AXI_S2MM_DATA_WIDTH(64) on '/ctrl/axi_dma_0' with propagated value(32). Command ignored
WARNING: [BD 41-702] Propagation TCL tries to overwrite USER strength parameter C_M_AXI_S2MM_DATA_WIDTH(64) on '/ctrl/axi_dma_0' with propagated value(32). Command ignored
WARNING: [BD 41-702] Propagation TCL tries to overwrite USER strength parameter C_M_AXI_S2MM_DATA_WIDTH(64) on '/ctrl/axi_dma_0' with propagated value(32). Command ignored
CRITICAL WARNING: [PSU-1]  Parameter : PCW_UIPARAM_DDR_DQS_TO_CLK_DELAY_2 has negative value -0.009 . PS DDR interfaces might fail when entering negative DQS skew values. 
CRITICAL WARNING: [PSU-2]  Parameter : PCW_UIPARAM_DDR_DQS_TO_CLK_DELAY_3 has negative value -0.061 . PS DDR interfaces might fail when entering negative DQS skew values. 
CRITICAL WARNING: [PSU-1]  Parameter : PCW_UIPARAM_DDR_DQS_TO_CLK_DELAY_2 has negative value -0.009 . PS DDR interfaces might fail when entering negative DQS skew values. 
CRITICAL WARNING: [PSU-2]  Parameter : PCW_UIPARAM_DDR_DQS_TO_CLK_DELAY_3 has negative value -0.061 . PS DDR interfaces might fail when entering negative DQS skew values. 
CRITICAL WARNING: [PSU-1]  Parameter : PCW_UIPARAM_DDR_DQS_TO_CLK_DELAY_2 has negative value -0.009 . PS DDR interfaces might fail when entering negative DQS skew values. 
CRITICAL WARNING: [PSU-2]  Parameter : PCW_UIPARAM_DDR_DQS_TO_CLK_DELAY_3 has negative value -0.061 . PS DDR interfaces might fail when entering negative DQS skew values. 
Wrote  : <C:\Users\kgrantma\Downloads\M5\guitar-tuner-main\Vivado\audio_fft\audio_fft.srcs\sources_1\bd\design_1\design_1.bd> 
WARNING: [BD 41-2384] Width mismatch when connecting pin: '/ctrl/axi_interconnect_0/m00_couplers/auto_pc/m_axi_rid'(1) to pin: '/ctrl/axi_interconnect_0/m00_couplers/M_AXI_rid'(6) - Only lower order bits will be connected.
WARNING: [BD 41-2384] Width mismatch when connecting pin: '/ctrl/axi_interconnect_0/m00_couplers/auto_pc/m_axi_bid'(1) to pin: '/ctrl/axi_interconnect_0/m00_couplers/M_AXI_bid'(6) - Only lower order bits will be connected.
WARNING: [BD 41-2384] Width mismatch when connecting pin: '/processing_system7_0/S_AXI_HP0_AWID'(6) to pin: '/ctrl/M_AXI_DMA_DATA_awid'(1) - Only lower order bits will be connected.
WARNING: [BD 41-2384] Width mismatch when connecting pin: '/processing_system7_0/S_AXI_HP0_ARID'(6) to pin: '/ctrl/M_AXI_DMA_DATA_arid'(1) - Only lower order bits will be connected.
WARNING: [BD 41-2384] Width mismatch when connecting pin: '/processing_system7_0/S_AXI_HP0_WID'(6) to pin: '/ctrl/M_AXI_DMA_DATA_wid'(1) - Only lower order bits will be connected.
VHDL Output written to : C:/Users/kgrantma/Downloads/M5/guitar-tuner-main/Vivado/audio_fft/audio_fft.srcs/sources_1/bd/design_1/synth/design_1.v
WARNING: [BD 41-2384] Width mismatch when connecting pin: '/ctrl/axi_interconnect_0/m00_couplers/auto_pc/m_axi_rid'(1) to pin: '/ctrl/axi_interconnect_0/m00_couplers/M_AXI_rid'(6) - Only lower order bits will be connected.
WARNING: [BD 41-2384] Width mismatch when connecting pin: '/ctrl/axi_interconnect_0/m00_couplers/auto_pc/m_axi_bid'(1) to pin: '/ctrl/axi_interconnect_0/m00_couplers/M_AXI_bid'(6) - Only lower order bits will be connected.
WARNING: [BD 41-2384] Width mismatch when connecting pin: '/processing_system7_0/S_AXI_HP0_AWID'(6) to pin: '/ctrl/M_AXI_DMA_DATA_awid'(1) - Only lower order bits will be connected.
WARNING: [BD 41-2384] Width mismatch when connecting pin: '/processing_system7_0/S_AXI_HP0_ARID'(6) to pin: '/ctrl/M_AXI_DMA_DATA_arid'(1) - Only lower order bits will be connected.
WARNING: [BD 41-2384] Width mismatch when connecting pin: '/processing_system7_0/S_AXI_HP0_WID'(6) to pin: '/ctrl/M_AXI_DMA_DATA_wid'(1) - Only lower order bits will be connected.
VHDL Output written to : C:/Users/kgrantma/Downloads/M5/guitar-tuner-main/Vivado/audio_fft/audio_fft.srcs/sources_1/bd/design_1/sim/design_1.v
VHDL Output written to : C:/Users/kgrantma/Downloads/M5/guitar-tuner-main/Vivado/audio_fft/audio_fft.srcs/sources_1/bd/design_1/hdl/design_1_wrapper.v
make_wrapper: Time (s): cpu = 00:00:25 ; elapsed = 00:00:24 . Memory (MB): peak = 1823.094 ; gain = 214.777
add_files -norecurse C:/Users/kgrantma/Downloads/M5/guitar-tuner-main/Vivado/audio_fft/audio_fft.srcs/sources_1/bd/design_1/hdl/design_1_wrapper.v
reset_run synth_1
launch_runs impl_1 -to_step write_bitstream -jobs 8
INFO: [BD 41-1662] The design 'design_1.bd' is already validated. Therefore parameter propagation will not be re-run.
Wrote  : <C:\Users\kgrantma\Downloads\M5\guitar-tuner-main\Vivado\audio_fft\audio_fft.srcs\sources_1\bd\design_1\design_1.bd> 
Wrote  : <C:/Users/kgrantma/Downloads/M5/guitar-tuner-main/Vivado/audio_fft/audio_fft.srcs/sources_1/bd/design_1/ui/bd_1f5defd0.ui> 
WARNING: [BD 41-2384] Width mismatch when connecting pin: '/ctrl/axi_interconnect_0/m00_couplers/auto_pc/m_axi_rid'(1) to pin: '/ctrl/axi_interconnect_0/m00_couplers/M_AXI_rid'(6) - Only lower order bits will be connected.
WARNING: [BD 41-2384] Width mismatch when connecting pin: '/ctrl/axi_interconnect_0/m00_couplers/auto_pc/m_axi_bid'(1) to pin: '/ctrl/axi_interconnect_0/m00_couplers/M_AXI_bid'(6) - Only lower order bits will be connected.
WARNING: [BD 41-2384] Width mismatch when connecting pin: '/processing_system7_0/S_AXI_HP0_AWID'(6) to pin: '/ctrl/M_AXI_DMA_DATA_awid'(1) - Only lower order bits will be connected.
WARNING: [BD 41-2384] Width mismatch when connecting pin: '/processing_system7_0/S_AXI_HP0_ARID'(6) to pin: '/ctrl/M_AXI_DMA_DATA_arid'(1) - Only lower order bits will be connected.
WARNING: [BD 41-2384] Width mismatch when connecting pin: '/processing_system7_0/S_AXI_HP0_WID'(6) to pin: '/ctrl/M_AXI_DMA_DATA_wid'(1) - Only lower order bits will be connected.
VHDL Output written to : C:/Users/kgrantma/Downloads/M5/guitar-tuner-main/Vivado/audio_fft/audio_fft.srcs/sources_1/bd/design_1/synth/design_1.v
WARNING: [BD 41-2384] Width mismatch when connecting pin: '/ctrl/axi_interconnect_0/m00_couplers/auto_pc/m_axi_rid'(1) to pin: '/ctrl/axi_interconnect_0/m00_couplers/M_AXI_rid'(6) - Only lower order bits will be connected.
WARNING: [BD 41-2384] Width mismatch when connecting pin: '/ctrl/axi_interconnect_0/m00_couplers/auto_pc/m_axi_bid'(1) to pin: '/ctrl/axi_interconnect_0/m00_couplers/M_AXI_bid'(6) - Only lower order bits will be connected.
WARNING: [BD 41-2384] Width mismatch when connecting pin: '/processing_system7_0/S_AXI_HP0_AWID'(6) to pin: '/ctrl/M_AXI_DMA_DATA_awid'(1) - Only lower order bits will be connected.
WARNING: [BD 41-2384] Width mismatch when connecting pin: '/processing_system7_0/S_AXI_HP0_ARID'(6) to pin: '/ctrl/M_AXI_DMA_DATA_arid'(1) - Only lower order bits will be connected.
WARNING: [BD 41-2384] Width mismatch when connecting pin: '/processing_system7_0/S_AXI_HP0_WID'(6) to pin: '/ctrl/M_AXI_DMA_DATA_wid'(1) - Only lower order bits will be connected.
VHDL Output written to : C:/Users/kgrantma/Downloads/M5/guitar-tuner-main/Vivado/audio_fft/audio_fft.srcs/sources_1/bd/design_1/sim/design_1.v
VHDL Output written to : C:/Users/kgrantma/Downloads/M5/guitar-tuner-main/Vivado/audio_fft/audio_fft.srcs/sources_1/bd/design_1/hdl/design_1_wrapper.v
INFO: [BD 41-1029] Generation completed for the IP Integrator block accelerator/xfft_0 .
INFO: [BD 41-1029] Generation completed for the IP Integrator block ctrl/axi_dma_0 .
INFO: [BD 41-1029] Generation completed for the IP Integrator block ctrl/proc_sys_reset_0 .
WARNING: [IP_Flow 19-5611] Unable to find an associated reset port for the interface 'M_AXI_GP0'. A default connection has been created.
WARNING: [IP_Flow 19-5611] Unable to find an associated reset port for the interface 'M_AXI_GP1'. A default connection has been created.
WARNING: [IP_Flow 19-5611] Unable to find an associated reset port for the interface 'S_AXI_HP0'. A default connection has been created.
INFO: [BD 41-1029] Generation completed for the IP Integrator block processing_system7_0 .
INFO: [BD 41-1029] Generation completed for the IP Integrator block ctrl/axi_interconnect_0/xbar .
INFO: [BD 41-1029] Generation completed for the IP Integrator block ctrl/axi_interconnect_1/xbar .
INFO: [BD 41-1029] Generation completed for the IP Integrator block proc_sys_reset_0 .
INFO: [BD 41-1029] Generation completed for the IP Integrator block axi_interconnect_0/xbar .
INFO: [BD 41-1029] Generation completed for the IP Integrator block zed_audio_ctrl_0 .
INFO: [BD 41-1029] Generation completed for the IP Integrator block axi_gpio_0 .
INFO: [BD 41-1029] Generation completed for the IP Integrator block ctrl/axi_interconnect_0/m00_couplers/auto_pc .
INFO: [BD 41-1029] Generation completed for the IP Integrator block ctrl/axi_interconnect_1/s00_couplers/auto_pc .
INFO: [BD 41-1029] Generation completed for the IP Integrator block axi_interconnect_0/s00_couplers/auto_pc .
Exporting to file C:/Users/kgrantma/Downloads/M5/guitar-tuner-main/Vivado/audio_fft/audio_fft.srcs/sources_1/bd/design_1/hw_handoff/design_1.hwh
Generated Block Design Tcl file C:/Users/kgrantma/Downloads/M5/guitar-tuner-main/Vivado/audio_fft/audio_fft.srcs/sources_1/bd/design_1/hw_handoff/design_1_bd.tcl
Generated Hardware Definition File C:/Users/kgrantma/Downloads/M5/guitar-tuner-main/Vivado/audio_fft/audio_fft.srcs/sources_1/bd/design_1/synth/design_1.hwdef
[Mon Mar 13 17:09:24 2023] Launched synth_1...
Run output will be captured here: C:/Users/kgrantma/Downloads/M5/guitar-tuner-main/Vivado/audio_fft/audio_fft.runs/synth_1/runme.log
[Mon Mar 13 17:09:24 2023] Launched impl_1...
Run output will be captured here: C:/Users/kgrantma/Downloads/M5/guitar-tuner-main/Vivado/audio_fft/audio_fft.runs/impl_1/runme.log
launch_runs: Time (s): cpu = 00:00:24 ; elapsed = 00:00:27 . Memory (MB): peak = 1874.871 ; gain = 30.258
CRITICAL WARNING: [PSU-1]  Parameter : PCW_UIPARAM_DDR_DQS_TO_CLK_DELAY_2 has negative value -0.009 . PS DDR interfaces might fail when entering negative DQS skew values. 
CRITICAL WARNING: [PSU-2]  Parameter : PCW_UIPARAM_DDR_DQS_TO_CLK_DELAY_3 has negative value -0.061 . PS DDR interfaces might fail when entering negative DQS skew values. 
WARNING: [IP_Flow 19-474] Invalid Parameter 'Component_Name'
CRITICAL WARNING: [PSU-1]  Parameter : PCW_UIPARAM_DDR_DQS_TO_CLK_DELAY_2 has negative value -0.009 . PS DDR interfaces might fail when entering negative DQS skew values. 
CRITICAL WARNING: [PSU-2]  Parameter : PCW_UIPARAM_DDR_DQS_TO_CLK_DELAY_3 has negative value -0.061 . PS DDR interfaces might fail when entering negative DQS skew values. 
reset_run synth_1
launch_runs impl_1 -to_step write_bitstream -jobs 8
[Mon Mar 13 17:23:05 2023] Launched synth_1...
Run output will be captured here: C:/Users/kgrantma/Downloads/M5/guitar-tuner-main/Vivado/audio_fft/audio_fft.runs/synth_1/runme.log
[Mon Mar 13 17:23:05 2023] Launched impl_1...
Run output will be captured here: C:/Users/kgrantma/Downloads/M5/guitar-tuner-main/Vivado/audio_fft/audio_fft.runs/impl_1/runme.log
write_hw_platform -fixed -include_bit -force -file C:/Users/kgrantma/Downloads/M5/guitar-tuner-main/Vivado/audio_fft/design_1_wrapper.xsa
INFO: [Vivado 12-4895] Creating Hardware Platform: C:/Users/kgrantma/Downloads/M5/guitar-tuner-main/Vivado/audio_fft/design_1_wrapper.xsa ...
INFO: [Hsi 55-2053] elapsed time for repository (C:/Xilinx/Vivado/2020.2/data\embeddedsw) loading 0 seconds
INFO: [Vivado 12-12467] The Hardware Platform can be used for Hardware
INFO: [Vivado 12-4896] Successfully created Hardware Platform: C:/Users/kgrantma/Downloads/M5/guitar-tuner-main/Vivado/audio_fft/design_1_wrapper.xsa
write_hw_platform: Time (s): cpu = 00:00:05 ; elapsed = 00:00:05 . Memory (MB): peak = 2033.168 ; gain = 151.840
exit
INFO: [Common 17-206] Exiting Vivado at Mon Mar 13 18:40:44 2023...
