#-----------------------------------------------------------
# Vivado v2020.2 (64-bit)
# SW Build 3064766 on Wed Nov 18 09:12:45 MST 2020
# IP Build 3064653 on Wed Nov 18 14:17:31 MST 2020
# Start of session at: Sun Apr  9 17:50:33 2023
# Process ID: 22824
# Current directory: C:/KDevelop/guitar-tuner/Vivado/audio_fft
# Command line: vivado.exe -gui_launcher_event rodinguilauncherevent22320 C:\KDevelop\guitar-tuner\Vivado\audio_fft\audio_fft.xpr
# Log file: C:/KDevelop/guitar-tuner/Vivado/audio_fft/vivado.log
# Journal file: C:/KDevelop/guitar-tuner/Vivado/audio_fft\vivado.jou
#-----------------------------------------------------------
start_gui
open_project C:/KDevelop/guitar-tuner/Vivado/audio_fft/audio_fft.xpr
Scanning sources...
Finished scanning sources
INFO: [IP_Flow 19-234] Refreshing IP repositories
INFO: [IP_Flow 19-1700] Loaded user IP repository 'c:/KDevelop/guitar-tuner/Vivado/ip_repo'.
INFO: [IP_Flow 19-2313] Loaded Vivado IP repository 'C:/Xilinx/Vivado/2020.2/data/ip'.
open_project: Time (s): cpu = 00:00:15 ; elapsed = 00:00:12 . Memory (MB): peak = 1108.121 ; gain = 0.000
update_compile_order -fileset sources_1
open_bd_design {C:/KDevelop/guitar-tuner/Vivado/audio_fft/audio_fft.srcs/sources_1/bd/design_1/design_1.bd}
Reading block design file <C:/KDevelop/guitar-tuner/Vivado/audio_fft/audio_fft.srcs/sources_1/bd/design_1/design_1.bd>...
Adding component instance block -- xilinx.com:ip:xfft:9.1 - xfft_0
Adding component instance block -- xilinx.com:user:edge_detect:1.0 - edge_detect_0
Adding component instance block -- xilinx.com:ip:axi_dma:7.1 - axi_dma_0
Adding component instance block -- xilinx.com:ip:axi_gpio:2.0 - axi_gpio_0
Adding component instance block -- xilinx.com:ip:axi_interconnect:2.1 - axi_interconnect_0
Adding component instance block -- xilinx.com:ip:axi_crossbar:2.1 - xbar
Adding component instance block -- xilinx.com:ip:axi_protocol_converter:2.1 - auto_pc
Adding component instance block -- xilinx.com:ip:axi_interconnect:2.1 - axi_interconnect_1
Adding component instance block -- xilinx.com:ip:axi_crossbar:2.1 - xbar
Adding component instance block -- xilinx.com:ip:axi_protocol_converter:2.1 - auto_pc
Adding component instance block -- xilinx.com:ip:proc_sys_reset:5.0 - proc_sys_reset_0
Adding component instance block -- xilinx.com:ip:xlconcat:2.1 - xlconcat_0
Adding component instance block -- xilinx.com:ip:processing_system7:5.5 - processing_system7_0
Adding component instance block -- xilinx.com:ip:axi_interconnect:2.1 - axi_interconnect_0
Adding component instance block -- xilinx.com:ip:axi_crossbar:2.1 - xbar
Adding component instance block -- xilinx.com:ip:axi_protocol_converter:2.1 - auto_pc
Adding component instance block -- xilinx.com:ip:proc_sys_reset:5.0 - proc_sys_reset_0
Adding component instance block -- sfu.ca:user:custom_hps:4.0 - custom_hps_1
Adding component instance block -- xilinx.com:user:zed_audio_ctrl:1.0 - zed_audio_ctrl_0
Adding component instance block -- xilinx.com:ip:axi_gpio:2.0 - axi_gpio_1
Adding component instance block -- user.org:user:vga_controller:1.0 - vga_controller_0
Adding component instance block -- xilinx.com:ip:clk_wiz:6.0 - clk_wiz_0
Successfully read diagram <design_1> from block design file <C:/KDevelop/guitar-tuner/Vivado/audio_fft/audio_fft.srcs/sources_1/bd/design_1/design_1.bd>
open_bd_design: Time (s): cpu = 00:00:12 ; elapsed = 00:00:10 . Memory (MB): peak = 1280.156 ; gain = 162.387
exit
INFO: [Common 17-206] Exiting Vivado at Sun Apr  9 23:56:32 2023...
