Nothing to build in platform 'design_1_wrapper'

17:03:08 **** Incremental Build of configuration Debug for project audio_fft ****
make all 
make --no-print-directory pre-build
a9-linaro-pre-build-step
' '
make --no-print-directory main-build
'Building file: ../src/helloworld.c'
'Invoking: ARM v7 g++ compiler'
arm-none-eabi-g++ -Wall -O0 -g3 -c -fmessage-length=0 -MT"src/helloworld.o" -mcpu=cortex-a9 -mfpu=vfpv3 -mfloat-abi=hard -IC:/KDevelop/guitar-tuner/Vitis/design_1_wrapper/export/design_1_wrapper/sw/design_1_wrapper/standalone_ps7_cortexa9_0/bspinclude/include -MMD -MP -MF"src/helloworld.d" -MT"src/helloworld.o" -o "src/helloworld.o" "../src/helloworld.c"
'Finished building: ../src/helloworld.c'
' '
'Building target: audio_fft.elf'
'Invoking: ARM v7 g++ linker'
arm-none-eabi-g++ -mcpu=cortex-a9 -mfpu=vfpv3 -mfloat-abi=hard -Wl,-build-id=none -specs=Xilinx.spec -Wl,-T -Wl,../src/lscript.ld -LC:/KDevelop/guitar-tuner/Vitis/design_1_wrapper/export/design_1_wrapper/sw/design_1_wrapper/standalone_ps7_cortexa9_0/bsplib/lib -o "audio_fft.elf"  ./src/cplx_data.o ./src/dma_accel.o ./src/fft.o ./src/helloworld.o   -lm -Wl,--start-group,-lxil,-lgcc,-lc,-lstdc++,--end-group
'Finished building target: audio_fft.elf'
' '
'Invoking: ARM v7 Print Size'
arm-none-eabi-size audio_fft.elf  |tee "audio_fft.elf.size"
   text	   data	    bss	    dec	    hex	filename
  70636	  68941	 530560	 670137	  a39b9	audio_fft.elf
'Finished building: audio_fft.elf.size'
' '
17:03:09 **** Incremental Build of configuration Debug for project audio_fft_system ****
make all 
Generating bif file for the system project
generate_system_bif.bat 57670 C:/KDevelop/guitar-tuner/Vitis/design_1_wrapper/export/design_1_wrapper/design_1_wrapper.xpfm standalone_ps7_cortexa9_0 C:/KDevelop/guitar-tuner/Vitis/audio_fft_system/Debug/system.bif
sdcard_gen --xpfm C:/KDevelop/guitar-tuner/Vitis/design_1_wrapper/export/design_1_wrapper/design_1_wrapper.xpfm --sys_config design_1_wrapper --bif C:/KDevelop/guitar-tuner/Vitis/audio_fft_system/Debug/system.bif --bitstream C:/KDevelop/guitar-tuner/Vitis/audio_fft/_ide/bitstream/design_1_wrapper.bit --elf C:/KDevelop/guitar-tuner/Vitis/audio_fft/Debug/audio_fft.elf,ps7_cortexa9_0
creating BOOT.BIN using C:/KDevelop/guitar-tuner/Vitis/audio_fft/_ide/bitstream/design_1_wrapper.bit
Running C:/Xilinx/Vitis/2020.2/bin/bootgen  -image C:/KDevelop/guitar-tuner/Vitis/audio_fft_system/Debug/sd_card_temp/boot.bif -w -o i BOOT.BIN
