20:17:10 INFO  : Registering command handlers for Vitis TCF services
20:17:10 INFO  : Launching XSCT server: xsct.bat -n  -interactive C:\KDevelop\guitar-tuner\Vitis\temp_xsdb_launch_script.tcl
20:17:12 INFO  : XSCT server has started successfully.
20:17:12 INFO  : plnx-install-location is set to ''
20:17:12 INFO  : Successfully done setting XSCT server connection channel  
20:17:12 INFO  : Successfully done query RDI_DATADIR 
20:17:12 INFO  : Successfully done setting workspace for the tool. 
20:17:12 INFO  : Platform repository initialization has completed.
20:18:32 INFO  : Result from executing command 'getProjects': ip_design_wrapper
20:18:32 INFO  : Result from executing command 'getPlatforms': 
20:18:33 WARN  : An unexpected exception occurred in the module 'platform project logging'
20:18:33 INFO  : Platform 'ip_design_wrapper' is added to custom repositories.
20:18:41 INFO  : Platform 'ip_design_wrapper' is added to custom repositories.
20:19:49 INFO  : Result from executing command 'getProjects': ip_design_wrapper
20:19:49 INFO  : Result from executing command 'getPlatforms': ip_design_wrapper|C:/KDevelop/guitar-tuner/Vitis/ip_design_wrapper/export/ip_design_wrapper/ip_design_wrapper.xpfm
20:19:55 INFO  : Checking for BSP changes to sync application flags for project 'audio'...
20:20:39 INFO  : Connected to target on host '127.0.0.1' and port '3121'.
20:20:40 INFO  : Jtag cable 'Digilent Zed 210248469740' is selected.
20:20:40 INFO  : 'jtag frequency' command is executed.
20:20:40 INFO  : Context for 'APU' is selected.
20:20:40 INFO  : System reset is completed.
20:20:43 INFO  : 'after 3000' command is executed.
20:20:43 INFO  : 'targets -set -filter {jtag_cable_name =~ "Digilent Zed 210248469740" && level==0 && jtag_device_ctx=="jsn-Zed-210248469740-03727093-0"}' command is executed.
20:20:45 INFO  : Device configured successfully with "C:/KDevelop/guitar-tuner/Vitis/audio/_ide/bitstream/ip_design_wrapper.bit"
20:20:45 INFO  : Context for 'APU' is selected.
20:20:46 INFO  : Hardware design and registers information is loaded from 'C:/KDevelop/guitar-tuner/Vitis/ip_design_wrapper/export/ip_design_wrapper/hw/ip_design_wrapper.xsa'.
20:20:46 INFO  : 'configparams force-mem-access 1' command is executed.
20:20:46 INFO  : Context for 'APU' is selected.
20:20:46 INFO  : Sourcing of 'C:/KDevelop/guitar-tuner/Vitis/audio/_ide/psinit/ps7_init.tcl' is done.
20:20:46 INFO  : 'ps7_init' command is executed.
20:20:46 INFO  : 'ps7_post_config' command is executed.
20:20:46 INFO  : Context for processor 'ps7_cortexa9_0' is selected.
20:20:46 INFO  : The application 'C:/KDevelop/guitar-tuner/Vitis/audio/Debug/audio.elf' is downloaded to processor 'ps7_cortexa9_0'.
20:20:46 INFO  : 'configparams force-mem-access 0' command is executed.
20:20:46 INFO  : ----------------XSDB Script----------------
connect -url tcp:127.0.0.1:3121
targets -set -nocase -filter {name =~"APU*"}
rst -system
after 3000
targets -set -filter {jtag_cable_name =~ "Digilent Zed 210248469740" && level==0 && jtag_device_ctx=="jsn-Zed-210248469740-03727093-0"}
fpga -file C:/KDevelop/guitar-tuner/Vitis/audio/_ide/bitstream/ip_design_wrapper.bit
targets -set -nocase -filter {name =~"APU*"}
loadhw -hw C:/KDevelop/guitar-tuner/Vitis/ip_design_wrapper/export/ip_design_wrapper/hw/ip_design_wrapper.xsa -mem-ranges [list {0x40000000 0xbfffffff}] -regs
configparams force-mem-access 1
targets -set -nocase -filter {name =~"APU*"}
source C:/KDevelop/guitar-tuner/Vitis/audio/_ide/psinit/ps7_init.tcl
ps7_init
ps7_post_config
targets -set -nocase -filter {name =~ "*A9*#0"}
dow C:/KDevelop/guitar-tuner/Vitis/audio/Debug/audio.elf
configparams force-mem-access 0
----------------End of Script----------------

20:20:46 INFO  : Context for processor 'ps7_cortexa9_0' is selected.
20:20:46 INFO  : 'con' command is executed.
20:20:46 INFO  : ----------------XSDB Script (After Launch)----------------
targets -set -nocase -filter {name =~ "*A9*#0"}
con
----------------End of Script----------------

20:20:46 INFO  : Launch script is exported to file 'C:\KDevelop\guitar-tuner\Vitis\audio_system\_ide\scripts\systemdebugger_audio_system_standalone.tcl'
20:21:15 INFO  : Disconnected from the channel tcfchan#3.
20:22:04 INFO  : Checking for BSP changes to sync application flags for project 'audio'...
20:22:34 INFO  : Connected to target on host '127.0.0.1' and port '3121'.
20:22:34 INFO  : Jtag cable 'Digilent Zed 210248469740' is selected.
20:22:34 INFO  : 'jtag frequency' command is executed.
20:22:34 INFO  : Context for 'APU' is selected.
20:22:34 INFO  : System reset is completed.
20:22:37 INFO  : 'after 3000' command is executed.
20:22:37 INFO  : 'targets -set -filter {jtag_cable_name =~ "Digilent Zed 210248469740" && level==0 && jtag_device_ctx=="jsn-Zed-210248469740-03727093-0"}' command is executed.
20:22:40 INFO  : Device configured successfully with "C:/KDevelop/guitar-tuner/Vitis/audio/_ide/bitstream/ip_design_wrapper.bit"
20:22:40 INFO  : Context for 'APU' is selected.
20:22:40 INFO  : Hardware design and registers information is loaded from 'C:/KDevelop/guitar-tuner/Vitis/ip_design_wrapper/export/ip_design_wrapper/hw/ip_design_wrapper.xsa'.
20:22:40 INFO  : 'configparams force-mem-access 1' command is executed.
20:22:40 INFO  : Context for 'APU' is selected.
20:22:40 INFO  : Sourcing of 'C:/KDevelop/guitar-tuner/Vitis/audio/_ide/psinit/ps7_init.tcl' is done.
20:22:40 INFO  : 'ps7_init' command is executed.
20:22:40 INFO  : 'ps7_post_config' command is executed.
20:22:40 INFO  : Context for processor 'ps7_cortexa9_0' is selected.
20:22:40 INFO  : The application 'C:/KDevelop/guitar-tuner/Vitis/audio/Debug/audio.elf' is downloaded to processor 'ps7_cortexa9_0'.
20:22:40 INFO  : 'configparams force-mem-access 0' command is executed.
20:22:40 INFO  : ----------------XSDB Script----------------
connect -url tcp:127.0.0.1:3121
targets -set -nocase -filter {name =~"APU*"}
rst -system
after 3000
targets -set -filter {jtag_cable_name =~ "Digilent Zed 210248469740" && level==0 && jtag_device_ctx=="jsn-Zed-210248469740-03727093-0"}
fpga -file C:/KDevelop/guitar-tuner/Vitis/audio/_ide/bitstream/ip_design_wrapper.bit
targets -set -nocase -filter {name =~"APU*"}
loadhw -hw C:/KDevelop/guitar-tuner/Vitis/ip_design_wrapper/export/ip_design_wrapper/hw/ip_design_wrapper.xsa -mem-ranges [list {0x40000000 0xbfffffff}] -regs
configparams force-mem-access 1
targets -set -nocase -filter {name =~"APU*"}
source C:/KDevelop/guitar-tuner/Vitis/audio/_ide/psinit/ps7_init.tcl
ps7_init
ps7_post_config
targets -set -nocase -filter {name =~ "*A9*#0"}
dow C:/KDevelop/guitar-tuner/Vitis/audio/Debug/audio.elf
configparams force-mem-access 0
----------------End of Script----------------

20:22:41 INFO  : Context for processor 'ps7_cortexa9_0' is selected.
20:22:41 INFO  : 'con' command is executed.
20:22:41 INFO  : ----------------XSDB Script (After Launch)----------------
targets -set -nocase -filter {name =~ "*A9*#0"}
con
----------------End of Script----------------

20:22:41 INFO  : Launch script is exported to file 'C:\KDevelop\guitar-tuner\Vitis\audio_system\_ide\scripts\systemdebugger_audio_system_standalone.tcl'
20:23:19 INFO  : Disconnected from the channel tcfchan#5.
20:23:36 INFO  : Connected to target on host '127.0.0.1' and port '3121'.
20:23:36 INFO  : Jtag cable 'Digilent Zed 210248469740' is selected.
20:23:36 INFO  : 'jtag frequency' command is executed.
20:23:36 INFO  : Context for 'APU' is selected.
20:23:36 INFO  : System reset is completed.
20:23:39 INFO  : 'after 3000' command is executed.
20:23:39 INFO  : 'targets -set -filter {jtag_cable_name =~ "Digilent Zed 210248469740" && level==0 && jtag_device_ctx=="jsn-Zed-210248469740-03727093-0"}' command is executed.
20:23:42 INFO  : Device configured successfully with "C:/KDevelop/guitar-tuner/Vitis/audio/_ide/bitstream/ip_design_wrapper.bit"
20:23:42 INFO  : Context for 'APU' is selected.
20:23:42 INFO  : Hardware design and registers information is loaded from 'C:/KDevelop/guitar-tuner/Vitis/ip_design_wrapper/export/ip_design_wrapper/hw/ip_design_wrapper.xsa'.
20:23:42 INFO  : 'configparams force-mem-access 1' command is executed.
20:23:42 INFO  : Context for 'APU' is selected.
20:23:42 INFO  : Sourcing of 'C:/KDevelop/guitar-tuner/Vitis/audio/_ide/psinit/ps7_init.tcl' is done.
20:23:42 INFO  : 'ps7_init' command is executed.
20:23:42 INFO  : 'ps7_post_config' command is executed.
20:23:42 INFO  : Context for processor 'ps7_cortexa9_0' is selected.
20:23:42 INFO  : The application 'C:/KDevelop/guitar-tuner/Vitis/audio/Debug/audio.elf' is downloaded to processor 'ps7_cortexa9_0'.
20:23:42 INFO  : 'configparams force-mem-access 0' command is executed.
20:23:42 INFO  : ----------------XSDB Script----------------
connect -url tcp:127.0.0.1:3121
targets -set -nocase -filter {name =~"APU*"}
rst -system
after 3000
targets -set -filter {jtag_cable_name =~ "Digilent Zed 210248469740" && level==0 && jtag_device_ctx=="jsn-Zed-210248469740-03727093-0"}
fpga -file C:/KDevelop/guitar-tuner/Vitis/audio/_ide/bitstream/ip_design_wrapper.bit
targets -set -nocase -filter {name =~"APU*"}
loadhw -hw C:/KDevelop/guitar-tuner/Vitis/ip_design_wrapper/export/ip_design_wrapper/hw/ip_design_wrapper.xsa -mem-ranges [list {0x40000000 0xbfffffff}] -regs
configparams force-mem-access 1
targets -set -nocase -filter {name =~"APU*"}
source C:/KDevelop/guitar-tuner/Vitis/audio/_ide/psinit/ps7_init.tcl
ps7_init
ps7_post_config
targets -set -nocase -filter {name =~ "*A9*#0"}
dow C:/KDevelop/guitar-tuner/Vitis/audio/Debug/audio.elf
configparams force-mem-access 0
----------------End of Script----------------

20:23:42 INFO  : Context for processor 'ps7_cortexa9_0' is selected.
20:23:42 INFO  : 'con' command is executed.
20:23:42 INFO  : ----------------XSDB Script (After Launch)----------------
targets -set -nocase -filter {name =~ "*A9*#0"}
con
----------------End of Script----------------

20:23:42 INFO  : Launch script is exported to file 'C:\KDevelop\guitar-tuner\Vitis\audio_system\_ide\scripts\systemdebugger_audio_system_standalone.tcl'
20:27:01 INFO  : Disconnected from the channel tcfchan#6.
